{"meta": {"format": 3, "version": "7.13.0", "timestamp": "2025-12-28T22:41:44.140569", "branch_coverage": false, "show_contexts": false}, "files": {"__init__.py": {"executed_lines": [1, 8, 9, 11, 13], "summary": {"covered_lines": 4, "num_statements": 5, "percent_covered": 80.0, "percent_covered_display": "80.00", "missing_lines": 1, "excluded_lines": 0, "percent_statements_covered": 80.0, "percent_statements_covered_display": "80.00"}, "missing_lines": [10], "excluded_lines": [], "functions": {"": {"executed_lines": [1, 8, 9, 11, 13], "summary": {"covered_lines": 4, "num_statements": 5, "percent_covered": 80.0, "percent_covered_display": "80.00", "missing_lines": 1, "excluded_lines": 0, "percent_statements_covered": 80.0, "percent_statements_covered_display": "80.00"}, "missing_lines": [10], "excluded_lines": []}}, "classes": {"": {"executed_lines": [1, 8, 9, 11, 13], "summary": {"covered_lines": 4, "num_statements": 5, "percent_covered": 80.0, "percent_covered_display": "80.00", "missing_lines": 1, "excluded_lines": 0, "percent_statements_covered": 80.0, "percent_statements_covered_display": "80.00"}, "missing_lines": [10], "excluded_lines": []}}}, "config\\__init__.py": {"executed_lines": [1, 5, 14], "summary": {"covered_lines": 2, "num_statements": 2, "percent_covered": 100.0, "percent_covered_display": "100.00", "missing_lines": 0, "excluded_lines": 0, "percent_statements_covered": 100.0, "percent_statements_covered_display": "100.00"}, "missing_lines": [], "excluded_lines": [], "functions": {"": {"executed_lines": [1, 5, 14], "summary": {"covered_lines": 2, "num_statements": 2, "percent_covered": 100.0, "percent_covered_display": "100.00", "missing_lines": 0, "excluded_lines": 0, "percent_statements_covered": 100.0, "percent_statements_covered_display": "100.00"}, "missing_lines": [], "excluded_lines": []}}, "classes": {"": {"executed_lines": [1, 5, 14], "summary": {"covered_lines": 2, "num_statements": 2, "percent_covered": 100.0, "percent_covered_display": "100.00", "missing_lines": 0, "excluded_lines": 0, "percent_statements_covered": 100.0, "percent_statements_covered_display": "100.00"}, "missing_lines": [], "excluded_lines": []}}}, "config\\constants.py": {"executed_lines": [1, 7, 8, 9, 10, 11, 12, 13, 14, 17, 18, 19, 23, 24, 25, 26, 27, 30, 31, 32, 35, 36, 37, 41, 42, 44, 45, 46, 47, 50, 51, 52, 53, 56, 57, 58, 61, 62, 66, 67, 68, 69, 70, 71, 72, 73, 77, 78, 79, 80, 81, 82, 83, 87, 88, 89, 90, 94], "summary": {"covered_lines": 51, "num_statements": 51, "percent_covered": 100.0, "percent_covered_display": "100.00", "missing_lines": 0, "excluded_lines": 0, "percent_statements_covered": 100.0, "percent_statements_covered_display": "100.00"}, "missing_lines": [], "excluded_lines": [], "functions": {"": {"executed_lines": [1, 7, 8, 9, 10, 11, 12, 13, 14, 17, 18, 19, 23, 24, 25, 26, 27, 30, 31, 32, 35, 36, 37, 41, 42, 44, 45, 46, 47, 50, 51, 52, 53, 56, 57, 58, 61, 62, 66, 67, 68, 69, 70, 71, 72, 73, 77, 78, 79, 80, 81, 82, 83, 87, 88, 89, 90, 94], "summary": {"covered_lines": 51, "num_statements": 51, "percent_covered": 100.0, "percent_covered_display": "100.00", "missing_lines": 0, "excluded_lines": 0, "percent_statements_covered": 100.0, "percent_statements_covered_display": "100.00"}, "missing_lines": [], "excluded_lines": []}}, "classes": {"UIDefaults": {"executed_lines": [], "summary": {"covered_lines": 0, "num_statements": 0, "percent_covered": 100.0, "percent_covered_display": "100.00", "missing_lines": 0, "excluded_lines": 0, "percent_statements_covered": 100.0, "percent_statements_covered_display": "100.00"}, "missing_lines": [], "excluded_lines": []}, "LayoutDefaults": {"executed_lines": [], "summary": {"covered_lines": 0, "num_statements": 0, "percent_covered": 100.0, "percent_covered_display": "100.00", "missing_lines": 0, "excluded_lines": 0, "percent_statements_covered": 100.0, "percent_statements_covered_display": "100.00"}, "missing_lines": [], "excluded_lines": []}, "ComponentDefaults": {"executed_lines": [], "summary": {"covered_lines": 0, "num_statements": 0, "percent_covered": 100.0, "percent_covered_display": "100.00", "missing_lines": 0, "excluded_lines": 0, "percent_statements_covered": 100.0, "percent_statements_covered_display": "100.00"}, "missing_lines": [], "excluded_lines": []}, "WindowDefaults": {"executed_lines": [], "summary": {"covered_lines": 0, "num_statements": 0, "percent_covered": 100.0, "percent_covered_display": "100.00", "missing_lines": 0, "excluded_lines": 0, "percent_statements_covered": 100.0, "percent_statements_covered_display": "100.00"}, "missing_lines": [], "excluded_lines": []}, "Spacing": {"executed_lines": [], "summary": {"covered_lines": 0, "num_statements": 0, "percent_covered": 100.0, "percent_covered_display": "100.00", "missing_lines": 0, "excluded_lines": 0, "percent_statements_covered": 100.0, "percent_statements_covered_display": "100.00"}, "missing_lines": [], "excluded_lines": []}, "InteractionDefaults": {"executed_lines": [], "summary": {"covered_lines": 0, "num_statements": 0, "percent_covered": 100.0, "percent_covered_display": "100.00", "missing_lines": 0, "excluded_lines": 0, "percent_statements_covered": 100.0, "percent_statements_covered_display": "100.00"}, "missing_lines": [], "excluded_lines": []}, "": {"executed_lines": [1, 7, 8, 9, 10, 11, 12, 13, 14, 17, 18, 19, 23, 24, 25, 26, 27, 30, 31, 32, 35, 36, 37, 41, 42, 44, 45, 46, 47, 50, 51, 52, 53, 56, 57, 58, 61, 62, 66, 67, 68, 69, 70, 71, 72, 73, 77, 78, 79, 80, 81, 82, 83, 87, 88, 89, 90, 94], "summary": {"covered_lines": 51, "num_statements": 51, "percent_covered": 100.0, "percent_covered_display": "100.00", "missing_lines": 0, "excluded_lines": 0, "percent_statements_covered": 100.0, "percent_statements_covered_display": "100.00"}, "missing_lines": [], "excluded_lines": []}}}, "renderers\\__init__.py": {"executed_lines": [1, 5, 6, 7, 9], "summary": {"covered_lines": 4, "num_statements": 4, "percent_covered": 100.0, "percent_covered_display": "100.00", "missing_lines": 0, "excluded_lines": 0, "percent_statements_covered": 100.0, "percent_statements_covered_display": "100.00"}, "missing_lines": [], "excluded_lines": [], "functions": {"": {"executed_lines": [1, 5, 6, 7, 9], "summary": {"covered_lines": 4, "num_statements": 4, "percent_covered": 100.0, "percent_covered_display": "100.00", "missing_lines": 0, "excluded_lines": 0, "percent_statements_covered": 100.0, "percent_statements_covered_display": "100.00"}, "missing_lines": [], "excluded_lines": []}}, "classes": {"": {"executed_lines": [1, 5, 6, 7, 9], "summary": {"covered_lines": 4, "num_statements": 4, "percent_covered": 100.0, "percent_covered_display": "100.00", "missing_lines": 0, "excluded_lines": 0, "percent_statements_covered": 100.0, "percent_statements_covered_display": "100.00"}, "missing_lines": [], "excluded_lines": []}}}, "renderers\\ankidroid_renderer.py": {"executed_lines": [1, 5, 8, 9, 11, 12, 13, 14, 16, 30, 32, 60, 62, 183, 185], "summary": {"covered_lines": 13, "num_statements": 13, "percent_covered": 100.0, "percent_covered_display": "100.00", "missing_lines": 0, "excluded_lines": 0, "percent_statements_covered": 100.0, "percent_statements_covered_display": "100.00"}, "missing_lines": [], "excluded_lines": [], "functions": {"AnkiDroidRenderer.__init__": {"executed_lines": [12, 13, 14], "summary": {"covered_lines": 3, "num_statements": 3, "percent_covered": 100.0, "percent_covered_display": "100.00", "missing_lines": 0, "excluded_lines": 0, "percent_statements_covered": 100.0, "percent_statements_covered_display": "100.00"}, "missing_lines": [], "excluded_lines": []}, "AnkiDroidRenderer._build_html": {"executed_lines": [30, 32], "summary": {"covered_lines": 2, "num_statements": 2, "percent_covered": 100.0, "percent_covered_display": "100.00", "missing_lines": 0, "excluded_lines": 0, "percent_statements_covered": 100.0, "percent_statements_covered_display": "100.00"}, "missing_lines": [], "excluded_lines": []}, "AnkiDroidRenderer._get_ankidroid_light_css": {"executed_lines": [62], "summary": {"covered_lines": 1, "num_statements": 1, "percent_covered": 100.0, "percent_covered_display": "100.00", "missing_lines": 0, "excluded_lines": 0, "percent_statements_covered": 100.0, "percent_statements_covered_display": "100.00"}, "missing_lines": [], "excluded_lines": []}, "AnkiDroidRenderer._get_ankidroid_dark_css": {"executed_lines": [185], "summary": {"covered_lines": 1, "num_statements": 1, "percent_covered": 100.0, "percent_covered_display": "100.00", "missing_lines": 0, "excluded_lines": 0, "percent_statements_covered": 100.0, "percent_statements_covered_display": "100.00"}, "missing_lines": [], "excluded_lines": []}, "": {"executed_lines": [1, 5, 8, 9, 11, 16, 60, 183], "summary": {"covered_lines": 6, "num_statements": 6, "percent_covered": 100.0, "percent_covered_display": "100.00", "missing_lines": 0, "excluded_lines": 0, "percent_statements_covered": 100.0, "percent_statements_covered_display": "100.00"}, "missing_lines": [], "excluded_lines": []}}, "classes": {"AnkiDroidRenderer": {"executed_lines": [12, 13, 14, 30, 32, 62, 185], "summary": {"covered_lines": 7, "num_statements": 7, "percent_covered": 100.0, "percent_covered_display": "100.00", "missing_lines": 0, "excluded_lines": 0, "percent_statements_covered": 100.0, "percent_statements_covered_display": "100.00"}, "missing_lines": [], "excluded_lines": []}, "": {"executed_lines": [1, 5, 8, 9, 11, 16, 60, 183], "summary": {"covered_lines": 6, "num_statements": 6, "percent_covered": 100.0, "percent_covered_display": "100.00", "missing_lines": 0, "excluded_lines": 0, "percent_statements_covered": 100.0, "percent_statements_covered_display": "100.00"}, "missing_lines": [], "excluded_lines": []}}}, "renderers\\base_renderer.py": {"executed_lines": [1, 5, 6, 7, 9, 12, 13, 15, 16, 18, 38, 39, 42, 44, 45, 46, 49, 52, 55, 58, 60, 61, 67, 78, 79, 81, 83, 95, 98, 99, 103, 105, 107, 108, 122, 124, 132, 147, 148, 151, 152, 159, 160, 161, 162, 164, 167, 168, 169, 170, 172, 175, 176, 177, 179, 188, 198, 199, 201, 202, 203, 206, 207, 209], "summary": {"covered_lines": 60, "num_statements": 69, "percent_covered": 86.95652173913044, "percent_covered_display": "86.96", "missing_lines": 9, "excluded_lines": 14, "percent_statements_covered": 86.95652173913044, "percent_statements_covered_display": "86.96"}, "missing_lines": [63, 64, 65, 181, 182, 183, 184, 185, 186], "excluded_lines": [107, 108, 109, 110, 111, 112, 113, 114, 115, 116, 117, 118, 119, 120], "functions": {"BaseRenderer.__init__": {"executed_lines": [16], "summary": {"covered_lines": 1, "num_statements": 1, "percent_covered": 100.0, "percent_covered_display": "100.00", "missing_lines": 0, "excluded_lines": 0, "percent_statements_covered": 100.0, "percent_statements_covered_display": "100.00"}, "missing_lines": [], "excluded_lines": []}, "BaseRenderer.render": {"executed_lines": [38, 39, 42, 44, 45, 46, 49, 52, 55, 58, 60, 61], "summary": {"covered_lines": 12, "num_statements": 15, "percent_covered": 80.0, "percent_covered_display": "80.00", "missing_lines": 3, "excluded_lines": 0, "percent_statements_covered": 80.0, "percent_statements_covered_display": "80.00"}, "missing_lines": [63, 64, 65], "excluded_lines": []}, "BaseRenderer._get_template_html": {"executed_lines": [78, 79, 81], "summary": {"covered_lines": 3, "num_statements": 3, "percent_covered": 100.0, "percent_covered_display": "100.00", "missing_lines": 0, "excluded_lines": 0, "percent_statements_covered": 100.0, "percent_statements_covered_display": "100.00"}, "missing_lines": [], "excluded_lines": []}, "BaseRenderer._prepare_note_data": {"executed_lines": [95, 98, 99, 103, 105], "summary": {"covered_lines": 5, "num_statements": 5, "percent_covered": 100.0, "percent_covered_display": "100.00", "missing_lines": 0, "excluded_lines": 0, "percent_statements_covered": 100.0, "percent_statements_covered_display": "100.00"}, "missing_lines": [], "excluded_lines": []}, "BaseRenderer._build_html": {"executed_lines": [], "summary": {"covered_lines": 0, "num_statements": 0, "percent_covered": 100.0, "percent_covered_display": "100.00", "missing_lines": 0, "excluded_lines": 12, "percent_statements_covered": 100.0, "percent_statements_covered_display": "100.00"}, "missing_lines": [], "excluded_lines": [109, 110, 111, 112, 113, 114, 115, 116, 117, 118, 119, 120]}, "BaseRenderer._get_sample_data": {"executed_lines": [124], "summary": {"covered_lines": 1, "num_statements": 1, "percent_covered": 100.0, "percent_covered_display": "100.00", "missing_lines": 0, "excluded_lines": 0, "percent_statements_covered": 100.0, "percent_statements_covered_display": "100.00"}, "missing_lines": [], "excluded_lines": []}, "BaseRenderer._apply_template": {"executed_lines": [147, 148, 151, 152, 159, 160, 161, 162, 164, 167, 168, 169, 170, 172, 175, 176, 177, 179], "summary": {"covered_lines": 18, "num_statements": 24, "percent_covered": 75.0, "percent_covered_display": "75.00", "missing_lines": 6, "excluded_lines": 0, "percent_statements_covered": 75.0, "percent_statements_covered_display": "75.00"}, "missing_lines": [181, 182, 183, 184, 185, 186], "excluded_lines": []}, "BaseRenderer._get_note_data": {"executed_lines": [198, 199, 201, 202, 203, 206, 207, 209], "summary": {"covered_lines": 8, "num_statements": 8, "percent_covered": 100.0, "percent_covered_display": "100.00", "missing_lines": 0, "excluded_lines": 0, "percent_statements_covered": 100.0, "percent_statements_covered_display": "100.00"}, "missing_lines": [], "excluded_lines": []}, "": {"executed_lines": [1, 5, 6, 7, 9, 12, 13, 15, 18, 67, 83, 107, 108, 122, 132, 188], "summary": {"covered_lines": 12, "num_statements": 12, "percent_covered": 100.0, "percent_covered_display": "100.00", "missing_lines": 0, "excluded_lines": 2, "percent_statements_covered": 100.0, "percent_statements_covered_display": "100.00"}, "missing_lines": [], "excluded_lines": [107, 108]}}, "classes": {"BaseRenderer": {"executed_lines": [16, 38, 39, 42, 44, 45, 46, 49, 52, 55, 58, 60, 61, 78, 79, 81, 95, 98, 99, 103, 105, 124, 147, 148, 151, 152, 159, 160, 161, 162, 164, 167, 168, 169, 170, 172, 175, 176, 177, 179, 198, 199, 201, 202, 203, 206, 207, 209], "summary": {"covered_lines": 48, "num_statements": 57, "percent_covered": 84.21052631578948, "percent_covered_display": "84.21", "missing_lines": 9, "excluded_lines": 12, "percent_statements_covered": 84.21052631578948, "percent_statements_covered_display": "84.21"}, "missing_lines": [63, 64, 65, 181, 182, 183, 184, 185, 186], "excluded_lines": [109, 110, 111, 112, 113, 114, 115, 116, 117, 118, 119, 120]}, "": {"executed_lines": [1, 5, 6, 7, 9, 12, 13, 15, 18, 67, 83, 107, 108, 122, 132, 188], "summary": {"covered_lines": 12, "num_statements": 12, "percent_covered": 100.0, "percent_covered_display": "100.00", "missing_lines": 0, "excluded_lines": 2, "percent_statements_covered": 100.0, "percent_statements_covered_display": "100.00"}, "missing_lines": [], "excluded_lines": [107, 108]}}}, "renderers\\desktop_renderer.py": {"executed_lines": [1, 5, 8, 9, 11, 12, 13, 15, 27, 45, 47], "summary": {"covered_lines": 9, "num_statements": 9, "percent_covered": 100.0, "percent_covered_display": "100.00", "missing_lines": 0, "excluded_lines": 0, "percent_statements_covered": 100.0, "percent_statements_covered_display": "100.00"}, "missing_lines": [], "excluded_lines": [], "functions": {"DesktopRenderer.__init__": {"executed_lines": [12, 13], "summary": {"covered_lines": 2, "num_statements": 2, "percent_covered": 100.0, "percent_covered_display": "100.00", "missing_lines": 0, "excluded_lines": 0, "percent_statements_covered": 100.0, "percent_statements_covered_display": "100.00"}, "missing_lines": [], "excluded_lines": []}, "DesktopRenderer._build_html": {"executed_lines": [27], "summary": {"covered_lines": 1, "num_statements": 1, "percent_covered": 100.0, "percent_covered_display": "100.00", "missing_lines": 0, "excluded_lines": 0, "percent_statements_covered": 100.0, "percent_statements_covered_display": "100.00"}, "missing_lines": [], "excluded_lines": []}, "DesktopRenderer._get_desktop_base_css": {"executed_lines": [47], "summary": {"covered_lines": 1, "num_statements": 1, "percent_covered": 100.0, "percent_covered_display": "100.00", "missing_lines": 0, "excluded_lines": 0, "percent_statements_covered": 100.0, "percent_statements_covered_display": "100.00"}, "missing_lines": [], "excluded_lines": []}, "": {"executed_lines": [1, 5, 8, 9, 11, 15, 45], "summary": {"covered_lines": 5, "num_statements": 5, "percent_covered": 100.0, "percent_covered_display": "100.00", "missing_lines": 0, "excluded_lines": 0, "percent_statements_covered": 100.0, "percent_statements_covered_display": "100.00"}, "missing_lines": [], "excluded_lines": []}}, "classes": {"DesktopRenderer": {"executed_lines": [12, 13, 27, 47], "summary": {"covered_lines": 4, "num_statements": 4, "percent_covered": 100.0, "percent_covered_display": "100.00", "missing_lines": 0, "excluded_lines": 0, "percent_statements_covered": 100.0, "percent_statements_covered_display": "100.00"}, "missing_lines": [], "excluded_lines": []}, "": {"executed_lines": [1, 5, 8, 9, 11, 15, 45], "summary": {"covered_lines": 5, "num_statements": 5, "percent_covered": 100.0, "percent_covered_display": "100.00", "missing_lines": 0, "excluded_lines": 0, "percent_statements_covered": 100.0, "percent_statements_covered_display": "100.00"}, "missing_lines": [], "excluded_lines": []}}}, "run_tests.py": {"executed_lines": [], "summary": {"covered_lines": 0, "num_statements": 65, "percent_covered": 0.0, "percent_covered_display": "0.00", "missing_lines": 65, "excluded_lines": 2, "percent_statements_covered": 0.0, "percent_statements_covered_display": "0.00"}, "missing_lines": [13, 14, 15, 16, 19, 20, 22, 23, 24, 25, 26, 27, 28, 29, 30, 31, 32, 33, 35, 38, 41, 42, 43, 44, 45, 46, 47, 48, 50, 53, 54, 56, 57, 59, 62, 63, 65, 68, 69, 72, 73, 76, 77, 80, 81, 84, 85, 88, 89, 92, 93, 96, 97, 98, 99, 100, 102, 103, 104, 105, 107, 109, 111, 112, 113], "excluded_lines": [116, 117], "functions": {"main": {"executed_lines": [], "summary": {"covered_lines": 0, "num_statements": 60, "percent_covered": 0.0, "percent_covered_display": "0.00", "missing_lines": 60, "excluded_lines": 0, "percent_statements_covered": 0.0, "percent_statements_covered_display": "0.00"}, "missing_lines": [20, 22, 23, 24, 25, 26, 27, 28, 29, 30, 31, 32, 33, 35, 38, 41, 42, 43, 44, 45, 46, 47, 48, 50, 53, 54, 56, 57, 59, 62, 63, 65, 68, 69, 72, 73, 76, 77, 80, 81, 84, 85, 88, 89, 92, 93, 96, 97, 98, 99, 100, 102, 103, 104, 105, 107, 109, 111, 112, 113], "excluded_lines": []}, "": {"executed_lines": [], "summary": {"covered_lines": 0, "num_statements": 5, "percent_covered": 0.0, "percent_covered_display": "0.00", "missing_lines": 5, "excluded_lines": 2, "percent_statements_covered": 0.0, "percent_statements_covered_display": "0.00"}, "missing_lines": [13, 14, 15, 16, 19], "excluded_lines": [116, 117]}}, "classes": {"": {"executed_lines": [], "summary": {"covered_lines": 0, "num_statements": 65, "percent_covered": 0.0, "percent_covered_display": "0.00", "missing_lines": 65, "excluded_lines": 2, "percent_statements_covered": 0.0, "percent_statements_covered_display": "0.00"}, "missing_lines": [13, 14, 15, 16, 19, 20, 22, 23, 24, 25, 26, 27, 28, 29, 30, 31, 32, 33, 35, 38, 41, 42, 43, 44, 45, 46, 47, 48, 50, 53, 54, 56, 57, 59, 62, 63, 65, 68, 69, 72, 73, 76, 77, 80, 81, 84, 85, 88, 89, 92, 93, 96, 97, 98, 99, 100, 102, 103, 104, 105, 107, 109, 111, 112, 113], "excluded_lines": [116, 117]}}}, "services\\__init__.py": {"executed_lines": [1, 5, 6, 8], "summary": {"covered_lines": 3, "num_statements": 3, "percent_covered": 100.0, "percent_covered_display": "100.00", "missing_lines": 0, "excluded_lines": 0, "percent_statements_covered": 100.0, "percent_statements_covered_display": "100.00"}, "missing_lines": [], "excluded_lines": [], "functions": {"": {"executed_lines": [1, 5, 6, 8], "summary": {"covered_lines": 3, "num_statements": 3, "percent_covered": 100.0, "percent_covered_display": "100.00", "missing_lines": 0, "excluded_lines": 0, "percent_statements_covered": 100.0, "percent_statements_covered_display": "100.00"}, "missing_lines": [], "excluded_lines": []}}, "classes": {"": {"executed_lines": [1, 5, 6, 8], "summary": {"covered_lines": 3, "num_statements": 3, "percent_covered": 100.0, "percent_covered_display": "100.00", "missing_lines": 0, "excluded_lines": 0, "percent_statements_covered": 100.0, "percent_statements_covered_display": "100.00"}, "missing_lines": [], "excluded_lines": []}}}, "services\\service_container.py": {"executed_lines": [1, 8, 11, 12, 25, 27, 28, 30, 40, 41, 42, 44, 54, 55, 56, 58, 72, 73, 76, 77, 79, 84, 94, 96, 103, 105, 111, 112, 114, 122, 123, 124, 126, 127, 129], "summary": {"covered_lines": 33, "num_statements": 33, "percent_covered": 100.0, "percent_covered_display": "100.00", "missing_lines": 0, "excluded_lines": 0, "percent_statements_covered": 100.0, "percent_statements_covered_display": "100.00"}, "missing_lines": [], "excluded_lines": [], "functions": {"ServiceContainer.__init__": {"executed_lines": [27, 28], "summary": {"covered_lines": 2, "num_statements": 2, "percent_covered": 100.0, "percent_covered_display": "100.00", "missing_lines": 0, "excluded_lines": 0, "percent_statements_covered": 100.0, "percent_statements_covered_display": "100.00"}, "missing_lines": [], "excluded_lines": []}, "ServiceContainer.register_singleton": {"executed_lines": [40, 41, 42], "summary": {"covered_lines": 3, "num_statements": 3, "percent_covered": 100.0, "percent_covered_display": "100.00", "missing_lines": 0, "excluded_lines": 0, "percent_statements_covered": 100.0, "percent_statements_covered_display": "100.00"}, "missing_lines": [], "excluded_lines": []}, "ServiceContainer.register_factory": {"executed_lines": [54, 55, 56], "summary": {"covered_lines": 3, "num_statements": 3, "percent_covered": 100.0, "percent_covered_display": "100.00", "missing_lines": 0, "excluded_lines": 0, "percent_statements_covered": 100.0, "percent_statements_covered_display": "100.00"}, "missing_lines": [], "excluded_lines": []}, "ServiceContainer.get": {"executed_lines": [72, 73, 76, 77, 79], "summary": {"covered_lines": 5, "num_statements": 5, "percent_covered": 100.0, "percent_covered_display": "100.00", "missing_lines": 0, "excluded_lines": 0, "percent_statements_covered": 100.0, "percent_statements_covered_display": "100.00"}, "missing_lines": [], "excluded_lines": []}, "ServiceContainer.has": {"executed_lines": [94], "summary": {"covered_lines": 1, "num_statements": 1, "percent_covered": 100.0, "percent_covered_display": "100.00", "missing_lines": 0, "excluded_lines": 0, "percent_statements_covered": 100.0, "percent_statements_covered_display": "100.00"}, "missing_lines": [], "excluded_lines": []}, "ServiceContainer.list_services": {"executed_lines": [103], "summary": {"covered_lines": 1, "num_statements": 1, "percent_covered": 100.0, "percent_covered_display": "100.00", "missing_lines": 0, "excluded_lines": 0, "percent_statements_covered": 100.0, "percent_statements_covered_display": "100.00"}, "missing_lines": [], "excluded_lines": []}, "ServiceContainer.clear": {"executed_lines": [111, 112], "summary": {"covered_lines": 2, "num_statements": 2, "percent_covered": 100.0, "percent_covered_display": "100.00", "missing_lines": 0, "excluded_lines": 0, "percent_statements_covered": 100.0, "percent_statements_covered_display": "100.00"}, "missing_lines": [], "excluded_lines": []}, "ServiceContainer.override": {"executed_lines": [122, 123, 124, 126, 127, 129], "summary": {"covered_lines": 6, "num_statements": 6, "percent_covered": 100.0, "percent_covered_display": "100.00", "missing_lines": 0, "excluded_lines": 0, "percent_statements_covered": 100.0, "percent_statements_covered_display": "100.00"}, "missing_lines": [], "excluded_lines": []}, "": {"executed_lines": [1, 8, 11, 12, 25, 30, 44, 58, 84, 96, 105, 114], "summary": {"covered_lines": 10, "num_statements": 10, "percent_covered": 100.0, "percent_covered_display": "100.00", "missing_lines": 0, "excluded_lines": 0, "percent_statements_covered": 100.0, "percent_statements_covered_display": "100.00"}, "missing_lines": [], "excluded_lines": []}}, "classes": {"ServiceContainer": {"executed_lines": [27, 28, 40, 41, 42, 54, 55, 56, 72, 73, 76, 77, 79, 94, 103, 111, 112, 122, 123, 124, 126, 127, 129], "summary": {"covered_lines": 23, "num_statements": 23, "percent_covered": 100.0, "percent_covered_display": "100.00", "missing_lines": 0, "excluded_lines": 0, "percent_statements_covered": 100.0, "percent_statements_covered_display": "100.00"}, "missing_lines": [], "excluded_lines": []}, "": {"executed_lines": [1, 8, 11, 12, 25, 30, 44, 58, 84, 96, 105, 114], "summary": {"covered_lines": 10, "num_statements": 10, "percent_covered": 100.0, "percent_covered_display": "100.00", "missing_lines": 0, "excluded_lines": 0, "percent_statements_covered": 100.0, "percent_statements_covered_display": "100.00"}, "missing_lines": [], "excluded_lines": []}}}, "services\\template_service.py": {"executed_lines": [1, 8, 9, 10, 13, 16, 17, 18, 19, 21, 24, 25, 35, 49, 50, 51, 53, 66, 67, 69, 71, 72, 73, 74, 75, 76, 78, 80, 81, 83, 84, 86, 87, 95, 105, 107, 132, 149, 192, 202, 204, 205, 207, 208, 209, 211, 212, 218], "summary": {"covered_lines": 46, "num_statements": 88, "percent_covered": 52.27272727272727, "percent_covered_display": "52.27", "missing_lines": 42, "excluded_lines": 0, "percent_statements_covered": 52.27272727272727, "percent_statements_covered_display": "52.27"}, "missing_lines": [14, 88, 89, 90, 91, 92, 93, 121, 124, 127, 128, 130, 147, 164, 165, 166, 169, 170, 171, 172, 173, 178, 179, 181, 183, 184, 185, 186, 187, 188, 189, 190, 214, 215, 216, 232, 233, 234, 239, 240, 241, 243], "excluded_lines": [], "functions": {"TemplateService.__init__": {"executed_lines": [49, 50, 51], "summary": {"covered_lines": 3, "num_statements": 3, "percent_covered": 100.0, "percent_covered_display": "100.00", "missing_lines": 0, "excluded_lines": 0, "percent_statements_covered": 100.0, "percent_statements_covered_display": "100.00"}, "missing_lines": [], "excluded_lines": []}, "TemplateService.load_note_type": {"executed_lines": [66, 67, 69, 71, 72, 73, 74, 75, 76, 78, 80, 81, 83, 84, 86, 87], "summary": {"covered_lines": 16, "num_statements": 22, "percent_covered": 72.72727272727273, "percent_covered_display": "72.73", "missing_lines": 6, "excluded_lines": 0, "percent_statements_covered": 72.72727272727273, "percent_statements_covered_display": "72.73"}, "missing_lines": [88, 89, 90, 91, 92, 93], "excluded_lines": []}, "TemplateService.get_templates": {"executed_lines": [105], "summary": {"covered_lines": 1, "num_statements": 1, "percent_covered": 100.0, "percent_covered_display": "100.00", "missing_lines": 0, "excluded_lines": 0, "percent_statements_covered": 100.0, "percent_statements_covered_display": "100.00"}, "missing_lines": [], "excluded_lines": []}, "TemplateService.html_to_components": {"executed_lines": [], "summary": {"covered_lines": 0, "num_statements": 5, "percent_covered": 0.0, "percent_covered_display": "0.00", "missing_lines": 5, "excluded_lines": 0, "percent_statements_covered": 0.0, "percent_statements_covered_display": "0.00"}, "missing_lines": [121, 124, 127, 128, 130], "excluded_lines": []}, "TemplateService.components_to_template": {"executed_lines": [], "summary": {"covered_lines": 0, "num_statements": 1, "percent_covered": 0.0, "percent_covered_display": "0.00", "missing_lines": 1, "excluded_lines": 0, "percent_statements_covered": 0.0, "percent_statements_covered_display": "0.00"}, "missing_lines": [147], "excluded_lines": []}, "TemplateService.save_templates": {"executed_lines": [], "summary": {"covered_lines": 0, "num_statements": 19, "percent_covered": 0.0, "percent_covered_display": "0.00", "missing_lines": 19, "excluded_lines": 0, "percent_statements_covered": 0.0, "percent_statements_covered_display": "0.00"}, "missing_lines": [164, 165, 166, 169, 170, 171, 172, 173, 178, 179, 181, 183, 184, 185, 186, 187, 188, 189, 190], "excluded_lines": []}, "TemplateService.get_sample_note": {"executed_lines": [202, 204, 205, 207, 208, 209, 211, 212], "summary": {"covered_lines": 8, "num_statements": 11, "percent_covered": 72.72727272727273, "percent_covered_display": "72.73", "missing_lines": 3, "excluded_lines": 0, "percent_statements_covered": 72.72727272727273, "percent_statements_covered_display": "72.73"}, "missing_lines": [214, 215, 216], "excluded_lines": []}, "TemplateService.validate_template_dict": {"executed_lines": [], "summary": {"covered_lines": 0, "num_statements": 7, "percent_covered": 0.0, "percent_covered_display": "0.00", "missing_lines": 7, "excluded_lines": 0, "percent_statements_covered": 0.0, "percent_statements_covered_display": "0.00"}, "missing_lines": [232, 233, 234, 239, 240, 241, 243], "excluded_lines": []}, "": {"executed_lines": [1, 8, 9, 10, 13, 16, 17, 18, 19, 21, 24, 25, 35, 53, 95, 107, 132, 149, 192, 218], "summary": {"covered_lines": 18, "num_statements": 19, "percent_covered": 94.73684210526316, "percent_covered_display": "94.74", "missing_lines": 1, "excluded_lines": 0, "percent_statements_covered": 94.73684210526316, "percent_statements_covered_display": "94.74"}, "missing_lines": [14], "excluded_lines": []}}, "classes": {"TemplateService": {"executed_lines": [49, 50, 51, 66, 67, 69, 71, 72, 73, 74, 75, 76, 78, 80, 81, 83, 84, 86, 87, 105, 202, 204, 205, 207, 208, 209, 211, 212], "summary": {"covered_lines": 28, "num_statements": 69, "percent_covered": 40.57971014492754, "percent_covered_display": "40.58", "missing_lines": 41, "excluded_lines": 0, "percent_statements_covered": 40.57971014492754, "percent_statements_covered_display": "40.58"}, "missing_lines": [88, 89, 90, 91, 92, 93, 121, 124, 127, 128, 130, 147, 164, 165, 166, 169, 170, 171, 172, 173, 178, 179, 181, 183, 184, 185, 186, 187, 188, 189, 190, 214, 215, 216, 232, 233, 234, 239, 240, 241, 243], "excluded_lines": []}, "": {"executed_lines": [1, 8, 9, 10, 13, 16, 17, 18, 19, 21, 24, 25, 35, 53, 95, 107, 132, 149, 192, 218], "summary": {"covered_lines": 18, "num_statements": 19, "percent_covered": 94.73684210526316, "percent_covered_display": "94.74", "missing_lines": 1, "excluded_lines": 0, "percent_statements_covered": 94.73684210526316, "percent_statements_covered_display": "94.74"}, "missing_lines": [14], "excluded_lines": []}}}, "template_designer.py": {"executed_lines": [1, 5], "summary": {"covered_lines": 1, "num_statements": 49, "percent_covered": 2.0408163265306123, "percent_covered_display": "2.04", "missing_lines": 48, "excluded_lines": 0, "percent_statements_covered": 2.0408163265306123, "percent_statements_covered_display": "2.04"}, "missing_lines": [6, 7, 9, 10, 11, 12, 16, 19, 23, 24, 26, 29, 31, 34, 35, 38, 39, 42, 50, 53, 56, 58, 59, 60, 63, 66, 67, 70, 72, 73, 74, 77, 79, 82, 85, 87, 89, 90, 93, 94, 97, 99, 100, 101, 104, 106, 107, 111], "excluded_lines": [], "functions": {"get_service_container": {"executed_lines": [], "summary": {"covered_lines": 0, "num_statements": 3, "percent_covered": 0.0, "percent_covered_display": "0.00", "missing_lines": 3, "excluded_lines": 0, "percent_statements_covered": 0.0, "percent_statements_covered_display": "0.00"}, "missing_lines": [23, 24, 26], "excluded_lines": []}, "_create_service_container": {"executed_lines": [], "summary": {"covered_lines": 0, "num_statements": 7, "percent_covered": 0.0, "percent_covered_display": "0.00", "missing_lines": 7, "excluded_lines": 0, "percent_statements_covered": 0.0, "percent_statements_covered_display": "0.00"}, "missing_lines": [31, 34, 35, 38, 39, 42, 50], "excluded_lines": []}, "show_template_designer": {"executed_lines": [], "summary": {"covered_lines": 0, "num_statements": 7, "percent_covered": 0.0, "percent_covered_display": "0.00", "missing_lines": 7, "excluded_lines": 0, "percent_statements_covered": 0.0, "percent_statements_covered_display": "0.00"}, "missing_lines": [56, 58, 59, 60, 63, 66, 67], "excluded_lines": []}, "setup_menu": {"executed_lines": [], "summary": {"covered_lines": 0, "num_statements": 3, "percent_covered": 0.0, "percent_covered_display": "0.00", "missing_lines": 3, "excluded_lines": 0, "percent_statements_covered": 0.0, "percent_statements_covered_display": "0.00"}, "missing_lines": [72, 73, 74], "excluded_lines": []}, "init_addon": {"executed_lines": [], "summary": {"covered_lines": 0, "num_statements": 2, "percent_covered": 0.0, "percent_covered_display": "0.00", "missing_lines": 2, "excluded_lines": 0, "percent_statements_covered": 0.0, "percent_statements_covered_display": "0.00"}, "missing_lines": [79, 82], "excluded_lines": []}, "on_card_layout_show": {"executed_lines": [], "summary": {"covered_lines": 0, "num_statements": 5, "percent_covered": 0.0, "percent_covered_display": "0.00", "missing_lines": 5, "excluded_lines": 0, "percent_statements_covered": 0.0, "percent_statements_covered_display": "0.00"}, "missing_lines": [87, 89, 90, 93, 94], "excluded_lines": []}, "show_template_designer_for_note_type": {"executed_lines": [], "summary": {"covered_lines": 0, "num_statements": 2, "percent_covered": 0.0, "percent_covered_display": "0.00", "missing_lines": 2, "excluded_lines": 0, "percent_statements_covered": 0.0, "percent_statements_covered_display": "0.00"}, "missing_lines": [106, 107], "excluded_lines": []}, "": {"executed_lines": [1, 5], "summary": {"covered_lines": 1, "num_statements": 17, "percent_covered": 5.882352941176471, "percent_covered_display": "5.88", "missing_lines": 16, "excluded_lines": 0, "percent_statements_covered": 5.882352941176471, "percent_statements_covered_display": "5.88"}, "missing_lines": [6, 7, 9, 10, 11, 12, 16, 19, 29, 53, 70, 77, 85, 97, 104, 111], "excluded_lines": []}}, "classes": {"": {"executed_lines": [1, 5], "summary": {"covered_lines": 1, "num_statements": 49, "percent_covered": 2.0408163265306123, "percent_covered_display": "2.04", "missing_lines": 48, "excluded_lines": 0, "percent_statements_covered": 2.0408163265306123, "percent_statements_covered_display": "2.04"}, "missing_lines": [6, 7, 9, 10, 11, 12, 16, 19, 23, 24, 26, 29, 31, 34, 35, 38, 39, 42, 50, 53, 56, 58, 59, 60, 63, 66, 67, 70, 72, 73, 74, 77, 79, 82, 85, 87, 89, 90, 93, 94, 97, 99, 100, 101, 104, 106, 107, 111], "excluded_lines": []}}}, "ui\\__init__.py": {"executed_lines": [1, 6, 8, 24], "summary": {"covered_lines": 3, "num_statements": 13, "percent_covered": 23.076923076923077, "percent_covered_display": "23.08", "missing_lines": 10, "excluded_lines": 0, "percent_statements_covered": 23.076923076923077, "percent_statements_covered_display": "23.08"}, "missing_lines": [9, 10, 11, 12, 13, 14, 15, 16, 21, 22], "excluded_lines": [], "functions": {"": {"executed_lines": [1, 6, 8, 24], "summary": {"covered_lines": 3, "num_statements": 13, "percent_covered": 23.076923076923077, "percent_covered_display": "23.08", "missing_lines": 10, "excluded_lines": 0, "percent_statements_covered": 23.076923076923077, "percent_statements_covered_display": "23.08"}, "missing_lines": [9, 10, 11, 12, 13, 14, 15, 16, 21, 22], "excluded_lines": []}}, "classes": {"": {"executed_lines": [1, 6, 8, 24], "summary": {"covered_lines": 3, "num_statements": 13, "percent_covered": 23.076923076923077, "percent_covered_display": "23.08", "missing_lines": 10, "excluded_lines": 0, "percent_statements_covered": 23.076923076923077, "percent_statements_covered_display": "23.08"}, "missing_lines": [9, 10, 11, 12, 13, 14, 15, 16, 21, 22], "excluded_lines": []}}}, "ui\\base_dialog.py": {"executed_lines": [], "summary": {"covered_lines": 0, "num_statements": 69, "percent_covered": 0.0, "percent_covered_display": "0.00", "missing_lines": 69, "excluded_lines": 28, "percent_statements_covered": 0.0, "percent_statements_covered_display": "0.00"}, "missing_lines": [8, 9, 11, 12, 13, 15, 16, 17, 18, 21, 37, 51, 54, 55, 56, 57, 60, 61, 62, 65, 66, 87, 93, 95, 96, 98, 99, 101, 102, 103, 104, 110, 117, 119, 125, 126, 127, 130, 132, 133, 134, 137, 144, 145, 147, 149, 150, 151, 153, 154, 155, 156, 170, 177, 179, 186, 187, 189, 191, 198, 199, 201, 208, 210, 217, 223, 231, 232, 233], "excluded_lines": [68, 69, 70, 71, 72, 73, 74, 75, 77, 78, 79, 80, 81, 82, 83, 84, 85, 158, 159, 160, 161, 162, 163, 164, 165, 166, 167, 168], "functions": {"BaseTemplateDialog.__init__": {"executed_lines": [], "summary": {"covered_lines": 0, "num_statements": 10, "percent_covered": 0.0, "percent_covered_display": "0.00", "missing_lines": 10, "excluded_lines": 0, "percent_statements_covered": 0.0, "percent_statements_covered_display": "0.00"}, "missing_lines": [51, 54, 55, 56, 57, 60, 61, 62, 65, 66], "excluded_lines": []}, "BaseTemplateDialog.setup_ui": {"executed_lines": [], "summary": {"covered_lines": 0, "num_statements": 0, "percent_covered": 100.0, "percent_covered_display": "100.00", "missing_lines": 0, "excluded_lines": 6, "percent_statements_covered": 100.0, "percent_statements_covered_display": "100.00"}, "missing_lines": [], "excluded_lines": [70, 71, 72, 73, 74, 75]}, "BaseTemplateDialog.sync_to_preview": {"executed_lines": [], "summary": {"covered_lines": 0, "num_statements": 0, "percent_covered": 100.0, "percent_covered_display": "100.00", "missing_lines": 0, "excluded_lines": 7, "percent_statements_covered": 100.0, "percent_statements_covered_display": "100.00"}, "missing_lines": [], "excluded_lines": [79, 80, 81, 82, 83, 84, 85]}, "BaseTemplateDialog.load_note_type": {"executed_lines": [], "summary": {"covered_lines": 0, "num_statements": 9, "percent_covered": 0.0, "percent_covered_display": "0.00", "missing_lines": 9, "excluded_lines": 0, "percent_statements_covered": 0.0, "percent_statements_covered_display": "0.00"}, "missing_lines": [93, 95, 96, 98, 99, 101, 102, 103, 104], "excluded_lines": []}, "BaseTemplateDialog.on_note_type_loaded": {"executed_lines": [], "summary": {"covered_lines": 0, "num_statements": 1, "percent_covered": 0.0, "percent_covered_display": "0.00", "missing_lines": 1, "excluded_lines": 0, "percent_statements_covered": 0.0, "percent_statements_covered_display": "0.00"}, "missing_lines": [117], "excluded_lines": []}, "BaseTemplateDialog.save_to_anki": {"executed_lines": [], "summary": {"covered_lines": 0, "num_statements": 18, "percent_covered": 0.0, "percent_covered_display": "0.00", "missing_lines": 18, "excluded_lines": 0, "percent_statements_covered": 0.0, "percent_statements_covered_display": "0.00"}, "missing_lines": [125, 126, 127, 130, 132, 133, 134, 137, 144, 145, 147, 149, 150, 151, 153, 154, 155, 156], "excluded_lines": []}, "BaseTemplateDialog.get_templates_to_save": {"executed_lines": [], "summary": {"covered_lines": 0, "num_statements": 0, "percent_covered": 100.0, "percent_covered_display": "100.00", "missing_lines": 0, "excluded_lines": 9, "percent_statements_covered": 100.0, "percent_statements_covered_display": "100.00"}, "missing_lines": [], "excluded_lines": [160, 161, 162, 163, 164, 165, 166, 167, 168]}, "BaseTemplateDialog.on_templates_saved": {"executed_lines": [], "summary": {"covered_lines": 0, "num_statements": 1, "percent_covered": 0.0, "percent_covered_display": "0.00", "missing_lines": 1, "excluded_lines": 0, "percent_statements_covered": 0.0, "percent_statements_covered_display": "0.00"}, "missing_lines": [177], "excluded_lines": []}, "BaseTemplateDialog.get_sample_note": {"executed_lines": [], "summary": {"covered_lines": 0, "num_statements": 3, "percent_covered": 0.0, "percent_covered_display": "0.00", "missing_lines": 3, "excluded_lines": 0, "percent_statements_covered": 0.0, "percent_statements_covered_display": "0.00"}, "missing_lines": [186, 187, 189], "excluded_lines": []}, "BaseTemplateDialog.set_side": {"executed_lines": [], "summary": {"covered_lines": 0, "num_statements": 2, "percent_covered": 0.0, "percent_covered_display": "0.00", "missing_lines": 2, "excluded_lines": 0, "percent_statements_covered": 0.0, "percent_statements_covered_display": "0.00"}, "missing_lines": [198, 199], "excluded_lines": []}, "BaseTemplateDialog.on_side_changed": {"executed_lines": [], "summary": {"covered_lines": 0, "num_statements": 1, "percent_covered": 0.0, "percent_covered_display": "0.00", "missing_lines": 1, "excluded_lines": 0, "percent_statements_covered": 0.0, "percent_statements_covered_display": "0.00"}, "missing_lines": [208], "excluded_lines": []}, "BaseTemplateDialog.handle_validation_error": {"executed_lines": [], "summary": {"covered_lines": 0, "num_statements": 1, "percent_covered": 0.0, "percent_covered_display": "0.00", "missing_lines": 1, "excluded_lines": 0, "percent_statements_covered": 0.0, "percent_statements_covered_display": "0.00"}, "missing_lines": [217], "excluded_lines": []}, "BaseTemplateDialog.handle_error": {"executed_lines": [], "summary": {"covered_lines": 0, "num_statements": 3, "percent_covered": 0.0, "percent_covered_display": "0.00", "missing_lines": 3, "excluded_lines": 0, "percent_statements_covered": 0.0, "percent_statements_covered_display": "0.00"}, "missing_lines": [231, 232, 233], "excluded_lines": []}, "": {"executed_lines": [], "summary": {"covered_lines": 0, "num_statements": 20, "percent_covered": 0.0, "percent_covered_display": "0.00", "missing_lines": 20, "excluded_lines": 6, "percent_statements_covered": 0.0, "percent_statements_covered_display": "0.00"}, "missing_lines": [8, 9, 11, 12, 13, 15, 16, 17, 18, 21, 37, 87, 110, 119, 170, 179, 191, 201, 210, 223], "excluded_lines": [68, 69, 77, 78, 158, 159]}}, "classes": {"BaseTemplateDialog": {"executed_lines": [], "summary": {"covered_lines": 0, "num_statements": 49, "percent_covered": 0.0, "percent_covered_display": "0.00", "missing_lines": 49, "excluded_lines": 22, "percent_statements_covered": 0.0, "percent_statements_covered_display": "0.00"}, "missing_lines": [51, 54, 55, 56, 57, 60, 61, 62, 65, 66, 93, 95, 96, 98, 99, 101, 102, 103, 104, 117, 125, 126, 127, 130, 132, 133, 134, 137, 144, 145, 147, 149, 150, 151, 153, 154, 155, 156, 177, 186, 187, 189, 198, 199, 208, 217, 231, 232, 233], "excluded_lines": [70, 71, 72, 73, 74, 75, 79, 80, 81, 82, 83, 84, 85, 160, 161, 162, 163, 164, 165, 166, 167, 168]}, "": {"executed_lines": [], "summary": {"covered_lines": 0, "num_statements": 20, "percent_covered": 0.0, "percent_covered_display": "0.00", "missing_lines": 20, "excluded_lines": 6, "percent_statements_covered": 0.0, "percent_statements_covered_display": "0.00"}, "missing_lines": [8, 9, 11, 12, 13, 15, 16, 17, 18, 21, 37, 87, 110, 119, 170, 179, 191, 201, 210, 223], "excluded_lines": [68, 69, 77, 78, 158, 159]}}}, "ui\\component_tree.py": {"executed_lines": [1, 6, 10, 11, 14, 15, 17, 22, 38, 39, 51, 54, 55, 56, 57, 58, 60, 62, 64, 65, 68, 69, 70, 72, 73, 75, 78, 79, 80, 81, 83, 84, 85, 86, 88, 91, 92, 93, 94, 95, 98, 99, 100, 102, 104, 109, 125, 136, 151, 166, 178, 211, 219, 234, 248, 262, 278, 282, 286], "summary": {"covered_lines": 56, "num_statements": 172, "percent_covered": 32.55813953488372, "percent_covered_display": "32.56", "missing_lines": 116, "excluded_lines": 0, "percent_statements_covered": 32.55813953488372, "percent_statements_covered_display": "32.56"}, "missing_lines": [18, 19, 20, 25, 27, 28, 30, 32, 106, 107, 111, 112, 114, 115, 118, 119, 122, 123, 127, 130, 131, 132, 134, 138, 139, 141, 142, 143, 144, 145, 146, 148, 149, 153, 155, 156, 159, 160, 161, 162, 164, 168, 169, 170, 171, 173, 174, 175, 176, 180, 181, 182, 184, 187, 188, 189, 191, 194, 195, 196, 198, 201, 202, 203, 205, 206, 207, 209, 213, 214, 215, 216, 217, 221, 222, 225, 226, 227, 228, 229, 230, 231, 232, 236, 237, 238, 239, 241, 242, 243, 244, 245, 246, 250, 251, 252, 253, 255, 256, 257, 258, 259, 260, 264, 265, 268, 269, 270, 271, 272, 273, 275, 276, 280, 284, 288], "excluded_lines": [], "functions": {"ComponentTreeItem.__init__": {"executed_lines": [], "summary": {"covered_lines": 0, "num_statements": 3, "percent_covered": 0.0, "percent_covered_display": "0.00", "missing_lines": 3, "excluded_lines": 0, "percent_statements_covered": 0.0, "percent_statements_covered_display": "0.00"}, "missing_lines": [18, 19, 20], "excluded_lines": []}, "ComponentTreeItem.update_display": {"executed_lines": [], "summary": {"covered_lines": 0, "num_statements": 5, "percent_covered": 0.0, "percent_covered_display": "0.00", "missing_lines": 5, "excluded_lines": 0, "percent_statements_covered": 0.0, "percent_statements_covered_display": "0.00"}, "missing_lines": [25, 27, 28, 30, 32], "excluded_lines": []}, "ComponentTree.__init__": {"executed_lines": [54, 55, 56, 57, 58, 60], "summary": {"covered_lines": 6, "num_statements": 6, "percent_covered": 100.0, "percent_covered_display": "100.00", "missing_lines": 0, "excluded_lines": 0, "percent_statements_covered": 100.0, "percent_statements_covered_display": "100.00"}, "missing_lines": [], "excluded_lines": []}, "ComponentTree.setup_ui": {"executed_lines": [64, 65, 68, 69, 70, 72, 73, 75, 78, 79, 80, 81, 83, 84, 85, 86, 88, 91, 92, 93, 94, 95, 98, 99, 100, 102], "summary": {"covered_lines": 26, "num_statements": 26, "percent_covered": 100.0, "percent_covered_display": "100.00", "missing_lines": 0, "excluded_lines": 0, "percent_statements_covered": 100.0, "percent_statements_covered_display": "100.00"}, "missing_lines": [], "excluded_lines": []}, "ComponentTree.set_components": {"executed_lines": [], "summary": {"covered_lines": 0, "num_statements": 2, "percent_covered": 0.0, "percent_covered_display": "0.00", "missing_lines": 2, "excluded_lines": 0, "percent_statements_covered": 0.0, "percent_statements_covered_display": "0.00"}, "missing_lines": [106, 107], "excluded_lines": []}, "ComponentTree.rebuild_tree": {"executed_lines": [], "summary": {"covered_lines": 0, "num_statements": 8, "percent_covered": 0.0, "percent_covered_display": "0.00", "missing_lines": 8, "excluded_lines": 0, "percent_statements_covered": 0.0, "percent_statements_covered_display": "0.00"}, "missing_lines": [111, 112, 114, 115, 118, 119, 122, 123], "excluded_lines": []}, "ComponentTree._add_component_item": {"executed_lines": [], "summary": {"covered_lines": 0, "num_statements": 5, "percent_covered": 0.0, "percent_covered_display": "0.00", "missing_lines": 5, "excluded_lines": 0, "percent_statements_covered": 0.0, "percent_statements_covered_display": "0.00"}, "missing_lines": [127, 130, 131, 132, 134], "excluded_lines": []}, "ComponentTree.on_tree_selection_changed": {"executed_lines": [], "summary": {"covered_lines": 0, "num_statements": 10, "percent_covered": 0.0, "percent_covered_display": "0.00", "missing_lines": 10, "excluded_lines": 0, "percent_statements_covered": 0.0, "percent_statements_covered_display": "0.00"}, "missing_lines": [138, 139, 141, 142, 143, 144, 145, 146, 148, 149], "excluded_lines": []}, "ComponentTree.select_component": {"executed_lines": [], "summary": {"covered_lines": 0, "num_statements": 8, "percent_covered": 0.0, "percent_covered_display": "0.00", "missing_lines": 8, "excluded_lines": 0, "percent_statements_covered": 0.0, "percent_statements_covered_display": "0.00"}, "missing_lines": [153, 155, 156, 159, 160, 161, 162, 164], "excluded_lines": []}, "ComponentTree._find_item_for_component": {"executed_lines": [], "summary": {"covered_lines": 0, "num_statements": 8, "percent_covered": 0.0, "percent_covered_display": "0.00", "missing_lines": 8, "excluded_lines": 0, "percent_statements_covered": 0.0, "percent_statements_covered_display": "0.00"}, "missing_lines": [168, 169, 170, 171, 173, 174, 175, 176], "excluded_lines": []}, "ComponentTree.show_context_menu": {"executed_lines": [], "summary": {"covered_lines": 0, "num_statements": 19, "percent_covered": 0.0, "percent_covered_display": "0.00", "missing_lines": 19, "excluded_lines": 0, "percent_statements_covered": 0.0, "percent_statements_covered_display": "0.00"}, "missing_lines": [180, 181, 182, 184, 187, 188, 189, 191, 194, 195, 196, 198, 201, 202, 203, 205, 206, 207, 209], "excluded_lines": []}, "ComponentTree.delete_component": {"executed_lines": [], "summary": {"covered_lines": 0, "num_statements": 5, "percent_covered": 0.0, "percent_covered_display": "0.00", "missing_lines": 5, "excluded_lines": 0, "percent_statements_covered": 0.0, "percent_statements_covered_display": "0.00"}, "missing_lines": [213, 214, 215, 216, 217], "excluded_lines": []}, "ComponentTree.duplicate_component": {"executed_lines": [], "summary": {"covered_lines": 0, "num_statements": 10, "percent_covered": 0.0, "percent_covered_display": "0.00", "missing_lines": 10, "excluded_lines": 0, "percent_statements_covered": 0.0, "percent_statements_covered_display": "0.00"}, "missing_lines": [221, 222, 225, 226, 227, 228, 229, 230, 231, 232], "excluded_lines": []}, "ComponentTree.move_component_up": {"executed_lines": [], "summary": {"covered_lines": 0, "num_statements": 10, "percent_covered": 0.0, "percent_covered_display": "0.00", "missing_lines": 10, "excluded_lines": 0, "percent_statements_covered": 0.0, "percent_statements_covered_display": "0.00"}, "missing_lines": [236, 237, 238, 239, 241, 242, 243, 244, 245, 246], "excluded_lines": []}, "ComponentTree.move_component_down": {"executed_lines": [], "summary": {"covered_lines": 0, "num_statements": 10, "percent_covered": 0.0, "percent_covered_display": "0.00", "missing_lines": 10, "excluded_lines": 0, "percent_statements_covered": 0.0, "percent_statements_covered_display": "0.00"}, "missing_lines": [250, 251, 252, 253, 255, 256, 257, 258, 259, 260], "excluded_lines": []}, "ComponentTree.on_item_moved": {"executed_lines": [], "summary": {"covered_lines": 0, "num_statements": 10, "percent_covered": 0.0, "percent_covered_display": "0.00", "missing_lines": 10, "excluded_lines": 0, "percent_statements_covered": 0.0, "percent_statements_covered_display": "0.00"}, "missing_lines": [264, 265, 268, 269, 270, 271, 272, 273, 275, 276], "excluded_lines": []}, "ComponentTree.expand_all": {"executed_lines": [], "summary": {"covered_lines": 0, "num_statements": 1, "percent_covered": 0.0, "percent_covered_display": "0.00", "missing_lines": 1, "excluded_lines": 0, "percent_statements_covered": 0.0, "percent_statements_covered_display": "0.00"}, "missing_lines": [280], "excluded_lines": []}, "ComponentTree.collapse_all": {"executed_lines": [], "summary": {"covered_lines": 0, "num_statements": 1, "percent_covered": 0.0, "percent_covered_display": "0.00", "missing_lines": 1, "excluded_lines": 0, "percent_statements_covered": 0.0, "percent_statements_covered_display": "0.00"}, "missing_lines": [284], "excluded_lines": []}, "ComponentTree.get_components": {"executed_lines": [], "summary": {"covered_lines": 0, "num_statements": 1, "percent_covered": 0.0, "percent_covered_display": "0.00", "missing_lines": 1, "excluded_lines": 0, "percent_statements_covered": 0.0, "percent_statements_covered_display": "0.00"}, "missing_lines": [288], "excluded_lines": []}, "": {"executed_lines": [1, 6, 10, 11, 14, 15, 17, 22, 38, 39, 51, 62, 104, 109, 125, 136, 151, 166, 178, 211, 219, 234, 248, 262, 278, 282, 286], "summary": {"covered_lines": 24, "num_statements": 24, "percent_covered": 100.0, "percent_covered_display": "100.00", "missing_lines": 0, "excluded_lines": 0, "percent_statements_covered": 100.0, "percent_statements_covered_display": "100.00"}, "missing_lines": [], "excluded_lines": []}}, "classes": {"ComponentTreeItem": {"executed_lines": [], "summary": {"covered_lines": 0, "num_statements": 8, "percent_covered": 0.0, "percent_covered_display": "0.00", "missing_lines": 8, "excluded_lines": 0, "percent_statements_covered": 0.0, "percent_statements_covered_display": "0.00"}, "missing_lines": [18, 19, 20, 25, 27, 28, 30, 32], "excluded_lines": []}, "ComponentTree": {"executed_lines": [54, 55, 56, 57, 58, 60, 64, 65, 68, 69, 70, 72, 73, 75, 78, 79, 80, 81, 83, 84, 85, 86, 88, 91, 92, 93, 94, 95, 98, 99, 100, 102], "summary": {"covered_lines": 32, "num_statements": 140, "percent_covered": 22.857142857142858, "percent_covered_display": "22.86", "missing_lines": 108, "excluded_lines": 0, "percent_statements_covered": 22.857142857142858, "percent_statements_covered_display": "22.86"}, "missing_lines": [106, 107, 111, 112, 114, 115, 118, 119, 122, 123, 127, 130, 131, 132, 134, 138, 139, 141, 142, 143, 144, 145, 146, 148, 149, 153, 155, 156, 159, 160, 161, 162, 164, 168, 169, 170, 171, 173, 174, 175, 176, 180, 181, 182, 184, 187, 188, 189, 191, 194, 195, 196, 198, 201, 202, 203, 205, 206, 207, 209, 213, 214, 215, 216, 217, 221, 222, 225, 226, 227, 228, 229, 230, 231, 232, 236, 237, 238, 239, 241, 242, 243, 244, 245, 246, 250, 251, 252, 253, 255, 256, 257, 258, 259, 260, 264, 265, 268, 269, 270, 271, 272, 273, 275, 276, 280, 284, 288], "excluded_lines": []}, "": {"executed_lines": [1, 6, 10, 11, 14, 15, 17, 22, 38, 39, 51, 62, 104, 109, 125, 136, 151, 166, 178, 211, 219, 234, 248, 262, 278, 282, 286], "summary": {"covered_lines": 24, "num_statements": 24, "percent_covered": 100.0, "percent_covered_display": "100.00", "missing_lines": 0, "excluded_lines": 0, "percent_statements_covered": 100.0, "percent_statements_covered_display": "100.00"}, "missing_lines": [], "excluded_lines": []}}}, "ui\\components.py": {"executed_lines": [1, 5, 6, 7, 8, 9, 10, 13, 16, 19, 20, 21, 22, 23, 24, 25, 26, 27, 30, 31, 32, 33, 34, 35, 38, 39, 41, 42, 43, 44, 47, 48, 49, 50, 51, 52, 53, 54, 55, 56, 59, 60, 61, 62, 65, 66, 67, 68, 69, 70, 71, 74, 75, 76, 77, 80, 81, 82, 83, 85, 89, 91, 94, 95, 96, 97, 100, 101, 104, 105, 108, 117, 118, 121, 123, 127, 130, 132, 134, 135, 138, 139, 141, 142, 143, 144, 146, 148, 149, 151, 152, 155, 156, 159, 160, 162, 163, 164, 165, 166, 168, 170, 171, 172, 174, 175, 176, 183, 186, 187, 189, 190, 191, 192, 193, 194, 196, 197, 200, 201, 203, 204, 205, 207, 208, 209, 210, 212, 213, 215, 217, 218, 221, 222, 224, 225, 226, 227, 228, 230, 234, 235, 237, 242, 243, 245, 250, 257, 260], "summary": {"covered_lines": 139, "num_statements": 158, "percent_covered": 87.9746835443038, "percent_covered_display": "87.97", "missing_lines": 19, "excluded_lines": 1, "percent_statements_covered": 87.9746835443038, "percent_statements_covered_display": "87.97"}, "missing_lines": [14, 122, 124, 153, 154, 231, 232, 238, 239, 246, 247, 248, 252, 253, 254, 255, 258, 261, 262], "excluded_lines": [87], "functions": {"Component.__init__": {"executed_lines": [42, 43, 44, 47, 48, 49, 50, 51, 52, 53, 54, 55, 56, 59, 60, 61, 62, 65, 66, 67, 68, 69, 70, 71, 74, 75, 76, 77, 80, 81, 82, 83], "summary": {"covered_lines": 32, "num_statements": 32, "percent_covered": 100.0, "percent_covered_display": "100.00", "missing_lines": 0, "excluded_lines": 0, "percent_statements_covered": 100.0, "percent_statements_covered_display": "100.00"}, "missing_lines": [], "excluded_lines": []}, "Component.to_html": {"executed_lines": [], "summary": {"covered_lines": 0, "num_statements": 0, "percent_covered": 100.0, "percent_covered_display": "100.00", "missing_lines": 0, "excluded_lines": 1, "percent_statements_covered": 100.0, "percent_statements_covered_display": "100.00"}, "missing_lines": [], "excluded_lines": [87]}, "Component.to_css": {"executed_lines": [91, 94, 95, 96, 97, 100, 101, 104, 105, 108, 117, 118, 121, 123, 127, 130], "summary": {"covered_lines": 16, "num_statements": 18, "percent_covered": 88.88888888888889, "percent_covered_display": "88.89", "missing_lines": 2, "excluded_lines": 0, "percent_statements_covered": 88.88888888888889, "percent_statements_covered_display": "88.89"}, "missing_lines": [122, 124], "excluded_lines": []}, "Component.clone": {"executed_lines": [134, 135], "summary": {"covered_lines": 2, "num_statements": 2, "percent_covered": 100.0, "percent_covered_display": "100.00", "missing_lines": 0, "excluded_lines": 0, "percent_statements_covered": 100.0, "percent_statements_covered_display": "100.00"}, "missing_lines": [], "excluded_lines": []}, "TextFieldComponent.__init__": {"executed_lines": [142, 143, 144], "summary": {"covered_lines": 3, "num_statements": 3, "percent_covered": 100.0, "percent_covered_display": "100.00", "missing_lines": 0, "excluded_lines": 0, "percent_statements_covered": 100.0, "percent_statements_covered_display": "100.00"}, "missing_lines": [], "excluded_lines": []}, "TextFieldComponent.to_html": {"executed_lines": [148, 149, 151, 152, 155, 156], "summary": {"covered_lines": 6, "num_statements": 8, "percent_covered": 75.0, "percent_covered_display": "75.00", "missing_lines": 2, "excluded_lines": 0, "percent_statements_covered": 75.0, "percent_statements_covered_display": "75.00"}, "missing_lines": [153, 154], "excluded_lines": []}, "ImageFieldComponent.__init__": {"executed_lines": [163, 164, 165, 166], "summary": {"covered_lines": 4, "num_statements": 4, "percent_covered": 100.0, "percent_covered_display": "100.00", "missing_lines": 0, "excluded_lines": 0, "percent_statements_covered": 100.0, "percent_statements_covered_display": "100.00"}, "missing_lines": [], "excluded_lines": []}, "ImageFieldComponent.to_html": {"executed_lines": [170, 171, 172], "summary": {"covered_lines": 3, "num_statements": 3, "percent_covered": 100.0, "percent_covered_display": "100.00", "missing_lines": 0, "excluded_lines": 0, "percent_statements_covered": 100.0, "percent_statements_covered_display": "100.00"}, "missing_lines": [], "excluded_lines": []}, "ImageFieldComponent.to_css": {"executed_lines": [175, 176, 183], "summary": {"covered_lines": 3, "num_statements": 3, "percent_covered": 100.0, "percent_covered_display": "100.00", "missing_lines": 0, "excluded_lines": 0, "percent_statements_covered": 100.0, "percent_statements_covered_display": "100.00"}, "missing_lines": [], "excluded_lines": []}, "DividerComponent.__init__": {"executed_lines": [190, 191, 192, 193, 194], "summary": {"covered_lines": 5, "num_statements": 5, "percent_covered": 100.0, "percent_covered_display": "100.00", "missing_lines": 0, "excluded_lines": 0, "percent_statements_covered": 100.0, "percent_statements_covered_display": "100.00"}, "missing_lines": [], "excluded_lines": []}, "DividerComponent.to_html": {"executed_lines": [197], "summary": {"covered_lines": 1, "num_statements": 1, "percent_covered": 100.0, "percent_covered_display": "100.00", "missing_lines": 0, "excluded_lines": 0, "percent_statements_covered": 100.0, "percent_statements_covered_display": "100.00"}, "missing_lines": [], "excluded_lines": []}, "HeadingComponent.__init__": {"executed_lines": [204, 205, 207, 208, 209, 210, 212, 213], "summary": {"covered_lines": 8, "num_statements": 8, "percent_covered": 100.0, "percent_covered_display": "100.00", "missing_lines": 0, "excluded_lines": 0, "percent_statements_covered": 100.0, "percent_statements_covered_display": "100.00"}, "missing_lines": [], "excluded_lines": []}, "HeadingComponent.to_html": {"executed_lines": [217, 218], "summary": {"covered_lines": 2, "num_statements": 2, "percent_covered": 100.0, "percent_covered_display": "100.00", "missing_lines": 0, "excluded_lines": 0, "percent_statements_covered": 100.0, "percent_statements_covered_display": "100.00"}, "missing_lines": [], "excluded_lines": []}, "ContainerComponent.__init__": {"executed_lines": [225, 226, 227, 228], "summary": {"covered_lines": 4, "num_statements": 4, "percent_covered": 100.0, "percent_covered_display": "100.00", "missing_lines": 0, "excluded_lines": 0, "percent_statements_covered": 100.0, "percent_statements_covered_display": "100.00"}, "missing_lines": [], "excluded_lines": []}, "ContainerComponent.to_html": {"executed_lines": [], "summary": {"covered_lines": 0, "num_statements": 2, "percent_covered": 0.0, "percent_covered_display": "0.00", "missing_lines": 2, "excluded_lines": 0, "percent_statements_covered": 0.0, "percent_statements_covered_display": "0.00"}, "missing_lines": [231, 232], "excluded_lines": []}, "ContainerComponent.add_child": {"executed_lines": [235], "summary": {"covered_lines": 1, "num_statements": 1, "percent_covered": 100.0, "percent_covered_display": "100.00", "missing_lines": 0, "excluded_lines": 0, "percent_statements_covered": 100.0, "percent_statements_covered_display": "100.00"}, "missing_lines": [], "excluded_lines": []}, "ContainerComponent.remove_child": {"executed_lines": [], "summary": {"covered_lines": 0, "num_statements": 2, "percent_covered": 0.0, "percent_covered_display": "0.00", "missing_lines": 2, "excluded_lines": 0, "percent_statements_covered": 0.0, "percent_statements_covered_display": "0.00"}, "missing_lines": [238, 239], "excluded_lines": []}, "ConditionalComponent.__init__": {"executed_lines": [], "summary": {"covered_lines": 0, "num_statements": 3, "percent_covered": 0.0, "percent_covered_display": "0.00", "missing_lines": 3, "excluded_lines": 0, "percent_statements_covered": 0.0, "percent_statements_covered_display": "0.00"}, "missing_lines": [246, 247, 248], "excluded_lines": []}, "ConditionalComponent.to_html": {"executed_lines": [], "summary": {"covered_lines": 0, "num_statements": 4, "percent_covered": 0.0, "percent_covered_display": "0.00", "missing_lines": 4, "excluded_lines": 0, "percent_statements_covered": 0.0, "percent_statements_covered_display": "0.00"}, "missing_lines": [252, 253, 254, 255], "excluded_lines": []}, "ConditionalComponent.add_child": {"executed_lines": [], "summary": {"covered_lines": 0, "num_statements": 1, "percent_covered": 0.0, "percent_covered_display": "0.00", "missing_lines": 1, "excluded_lines": 0, "percent_statements_covered": 0.0, "percent_statements_covered_display": "0.00"}, "missing_lines": [258], "excluded_lines": []}, "ConditionalComponent.remove_child": {"executed_lines": [], "summary": {"covered_lines": 0, "num_statements": 2, "percent_covered": 0.0, "percent_covered_display": "0.00", "missing_lines": 2, "excluded_lines": 0, "percent_statements_covered": 0.0, "percent_statements_covered_display": "0.00"}, "missing_lines": [261, 262], "excluded_lines": []}, "": {"executed_lines": [1, 5, 6, 7, 8, 9, 10, 13, 16, 19, 20, 21, 22, 23, 24, 25, 26, 27, 30, 31, 32, 33, 34, 35, 38, 39, 41, 85, 89, 132, 138, 139, 141, 146, 159, 160, 162, 168, 174, 186, 187, 189, 196, 200, 201, 203, 215, 221, 222, 224, 230, 234, 237, 242, 243, 245, 250, 257, 260], "summary": {"covered_lines": 49, "num_statements": 50, "percent_covered": 98.0, "percent_covered_display": "98.00", "missing_lines": 1, "excluded_lines": 0, "percent_statements_covered": 98.0, "percent_statements_covered_display": "98.00"}, "missing_lines": [14], "excluded_lines": []}}, "classes": {"ComponentType": {"executed_lines": [], "summary": {"covered_lines": 0, "num_statements": 0, "percent_covered": 100.0, "percent_covered_display": "100.00", "missing_lines": 0, "excluded_lines": 0, "percent_statements_covered": 100.0, "percent_statements_covered_display": "100.00"}, "missing_lines": [], "excluded_lines": []}, "Alignment": {"executed_lines": [], "summary": {"covered_lines": 0, "num_statements": 0, "percent_covered": 100.0, "percent_covered_display": "100.00", "missing_lines": 0, "excluded_lines": 0, "percent_statements_covered": 100.0, "percent_statements_covered_display": "100.00"}, "missing_lines": [], "excluded_lines": []}, "Component": {"executed_lines": [42, 43, 44, 47, 48, 49, 50, 51, 52, 53, 54, 55, 56, 59, 60, 61, 62, 65, 66, 67, 68, 69, 70, 71, 74, 75, 76, 77, 80, 81, 82, 83, 91, 94, 95, 96, 97, 100, 101, 104, 105, 108, 117, 118, 121, 123, 127, 130, 134, 135], "summary": {"covered_lines": 50, "num_statements": 52, "percent_covered": 96.15384615384616, "percent_covered_display": "96.15", "missing_lines": 2, "excluded_lines": 1, "percent_statements_covered": 96.15384615384616, "percent_statements_covered_display": "96.15"}, "missing_lines": [122, 124], "excluded_lines": [87]}, "TextFieldComponent": {"executed_lines": [142, 143, 144, 148, 149, 151, 152, 155, 156], "summary": {"covered_lines": 9, "num_statements": 11, "percent_covered": 81.81818181818181, "percent_covered_display": "81.82", "missing_lines": 2, "excluded_lines": 0, "percent_statements_covered": 81.81818181818181, "percent_statements_covered_display": "81.82"}, "missing_lines": [153, 154], "excluded_lines": []}, "ImageFieldComponent": {"executed_lines": [163, 164, 165, 166, 170, 171, 172, 175, 176, 183], "summary": {"covered_lines": 10, "num_statements": 10, "percent_covered": 100.0, "percent_covered_display": "100.00", "missing_lines": 0, "excluded_lines": 0, "percent_statements_covered": 100.0, "percent_statements_covered_display": "100.00"}, "missing_lines": [], "excluded_lines": []}, "DividerComponent": {"executed_lines": [190, 191, 192, 193, 194, 197], "summary": {"covered_lines": 6, "num_statements": 6, "percent_covered": 100.0, "percent_covered_display": "100.00", "missing_lines": 0, "excluded_lines": 0, "percent_statements_covered": 100.0, "percent_statements_covered_display": "100.00"}, "missing_lines": [], "excluded_lines": []}, "HeadingComponent": {"executed_lines": [204, 205, 207, 208, 209, 210, 212, 213, 217, 218], "summary": {"covered_lines": 10, "num_statements": 10, "percent_covered": 100.0, "percent_covered_display": "100.00", "missing_lines": 0, "excluded_lines": 0, "percent_statements_covered": 100.0, "percent_statements_covered_display": "100.00"}, "missing_lines": [], "excluded_lines": []}, "ContainerComponent": {"executed_lines": [225, 226, 227, 228, 235], "summary": {"covered_lines": 5, "num_statements": 9, "percent_covered": 55.55555555555556, "percent_covered_display": "55.56", "missing_lines": 4, "excluded_lines": 0, "percent_statements_covered": 55.55555555555556, "percent_statements_covered_display": "55.56"}, "missing_lines": [231, 232, 238, 239], "excluded_lines": []}, "ConditionalComponent": {"executed_lines": [], "summary": {"covered_lines": 0, "num_statements": 10, "percent_covered": 0.0, "percent_covered_display": "0.00", "missing_lines": 10, "excluded_lines": 0, "percent_statements_covered": 0.0, "percent_statements_covered_display": "0.00"}, "missing_lines": [246, 247, 248, 252, 253, 254, 255, 258, 261, 262], "excluded_lines": []}, "": {"executed_lines": [1, 5, 6, 7, 8, 9, 10, 13, 16, 19, 20, 21, 22, 23, 24, 25, 26, 27, 30, 31, 32, 33, 34, 35, 38, 39, 41, 85, 89, 132, 138, 139, 141, 146, 159, 160, 162, 168, 174, 186, 187, 189, 196, 200, 201, 203, 215, 221, 222, 224, 230, 234, 237, 242, 243, 245, 250, 257, 260], "summary": {"covered_lines": 49, "num_statements": 50, "percent_covered": 98.0, "percent_covered_display": "98.00", "missing_lines": 1, "excluded_lines": 0, "percent_statements_covered": 98.0, "percent_statements_covered_display": "98.00"}, "missing_lines": [14], "excluded_lines": []}}}, "ui\\constraints.py": {"executed_lines": [1, 5, 6, 7, 8, 9, 12, 15, 18, 19, 20, 21, 22, 23, 24, 25, 26, 27, 28, 29, 30, 31, 32, 33, 36, 37, 38, 39, 42, 43, 44, 45, 46, 47, 48, 49, 51, 53, 61, 62, 64, 73, 74, 76, 77, 79, 82, 87, 89, 91, 97, 99, 104, 106, 108, 110, 112, 114, 116, 123, 127, 128, 134, 136, 137, 138, 139, 140, 141, 142, 144, 145, 147, 148, 149, 150, 151, 154, 155, 157, 158, 159, 160, 162, 169, 172, 175, 176, 177, 178, 181, 186, 189, 194, 196, 204, 205, 206, 207, 208, 210, 211, 217, 219, 221, 224, 225, 226, 229, 230, 233, 234, 235, 236, 237, 239, 240, 241, 242, 245, 246, 247, 248, 249, 251, 252, 253, 254, 256, 258, 259, 269, 270, 272, 273, 283, 285, 286, 291, 293, 294, 300, 301, 303, 304, 306, 319, 320, 322, 349, 350, 352, 354, 355, 357, 358, 364, 371, 372, 373, 381, 389], "summary": {"covered_lines": 155, "num_statements": 167, "percent_covered": 92.81437125748504, "percent_covered_display": "92.81", "missing_lines": 12, "excluded_lines": 0, "percent_statements_covered": 92.81437125748504, "percent_statements_covered_display": "92.81"}, "missing_lines": [13, 118, 125, 130, 131, 132, 238, 250, 288, 289, 296, 297], "excluded_lines": [], "functions": {"Constraint.to_dict": {"executed_lines": [53], "summary": {"covered_lines": 1, "num_statements": 1, "percent_covered": 100.0, "percent_covered_display": "100.00", "missing_lines": 0, "excluded_lines": 0, "percent_statements_covered": 100.0, "percent_statements_covered_display": "100.00"}, "missing_lines": [], "excluded_lines": []}, "Constraint.from_dict": {"executed_lines": [64], "summary": {"covered_lines": 1, "num_statements": 1, "percent_covered": 100.0, "percent_covered_display": "100.00", "missing_lines": 0, "excluded_lines": 0, "percent_statements_covered": 100.0, "percent_statements_covered_display": "100.00"}, "missing_lines": [], "excluded_lines": []}, "ConstraintSet.__init__": {"executed_lines": [77], "summary": {"covered_lines": 1, "num_statements": 1, "percent_covered": 100.0, "percent_covered_display": "100.00", "missing_lines": 0, "excluded_lines": 0, "percent_statements_covered": 100.0, "percent_statements_covered_display": "100.00"}, "missing_lines": [], "excluded_lines": []}, "ConstraintSet.add_constraint": {"executed_lines": [82, 87], "summary": {"covered_lines": 2, "num_statements": 2, "percent_covered": 100.0, "percent_covered_display": "100.00", "missing_lines": 0, "excluded_lines": 0, "percent_statements_covered": 100.0, "percent_statements_covered_display": "100.00"}, "missing_lines": [], "excluded_lines": []}, "ConstraintSet.remove_constraint": {"executed_lines": [91], "summary": {"covered_lines": 1, "num_statements": 1, "percent_covered": 100.0, "percent_covered_display": "100.00", "missing_lines": 0, "excluded_lines": 0, "percent_statements_covered": 100.0, "percent_statements_covered_display": "100.00"}, "missing_lines": [], "excluded_lines": []}, "ConstraintSet.get_constraints_for_component": {"executed_lines": [99], "summary": {"covered_lines": 1, "num_statements": 1, "percent_covered": 100.0, "percent_covered_display": "100.00", "missing_lines": 0, "excluded_lines": 0, "percent_statements_covered": 100.0, "percent_statements_covered_display": "100.00"}, "missing_lines": [], "excluded_lines": []}, "ConstraintSet.get_constraints": {"executed_lines": [106], "summary": {"covered_lines": 1, "num_statements": 1, "percent_covered": 100.0, "percent_covered_display": "100.00", "missing_lines": 0, "excluded_lines": 0, "percent_statements_covered": 100.0, "percent_statements_covered_display": "100.00"}, "missing_lines": [], "excluded_lines": []}, "ConstraintSet.clear_constraints_for_component": {"executed_lines": [110], "summary": {"covered_lines": 1, "num_statements": 1, "percent_covered": 100.0, "percent_covered_display": "100.00", "missing_lines": 0, "excluded_lines": 0, "percent_statements_covered": 100.0, "percent_statements_covered_display": "100.00"}, "missing_lines": [], "excluded_lines": []}, "ConstraintSet.clear_constraints": {"executed_lines": [114], "summary": {"covered_lines": 1, "num_statements": 1, "percent_covered": 100.0, "percent_covered_display": "100.00", "missing_lines": 0, "excluded_lines": 0, "percent_statements_covered": 100.0, "percent_statements_covered_display": "100.00"}, "missing_lines": [], "excluded_lines": []}, "ConstraintSet.has_constraint": {"executed_lines": [], "summary": {"covered_lines": 0, "num_statements": 1, "percent_covered": 0.0, "percent_covered_display": "0.00", "missing_lines": 1, "excluded_lines": 0, "percent_statements_covered": 0.0, "percent_statements_covered_display": "0.00"}, "missing_lines": [118], "excluded_lines": []}, "ConstraintSet.to_dict_list": {"executed_lines": [], "summary": {"covered_lines": 0, "num_statements": 1, "percent_covered": 0.0, "percent_covered_display": "0.00", "missing_lines": 1, "excluded_lines": 0, "percent_statements_covered": 0.0, "percent_statements_covered_display": "0.00"}, "missing_lines": [125], "excluded_lines": []}, "ConstraintSet.from_dict_list": {"executed_lines": [], "summary": {"covered_lines": 0, "num_statements": 3, "percent_covered": 0.0, "percent_covered_display": "0.00", "missing_lines": 3, "excluded_lines": 0, "percent_statements_covered": 0.0, "percent_statements_covered_display": "0.00"}, "missing_lines": [130, 131, 132], "excluded_lines": []}, "ConstraintSet.to_dict": {"executed_lines": [136, 137, 138, 139, 140, 141, 142], "summary": {"covered_lines": 7, "num_statements": 7, "percent_covered": 100.0, "percent_covered_display": "100.00", "missing_lines": 0, "excluded_lines": 0, "percent_statements_covered": 100.0, "percent_statements_covered_display": "100.00"}, "missing_lines": [], "excluded_lines": []}, "ConstraintSet.from_dict": {"executed_lines": [147, 148, 149, 150, 151], "summary": {"covered_lines": 5, "num_statements": 5, "percent_covered": 100.0, "percent_covered_display": "100.00", "missing_lines": 0, "excluded_lines": 0, "percent_statements_covered": 100.0, "percent_statements_covered_display": "100.00"}, "missing_lines": [], "excluded_lines": []}, "ConstraintResolver.__init__": {"executed_lines": [158, 159, 160], "summary": {"covered_lines": 3, "num_statements": 3, "percent_covered": 100.0, "percent_covered_display": "100.00", "missing_lines": 0, "excluded_lines": 0, "percent_statements_covered": 100.0, "percent_statements_covered_display": "100.00"}, "missing_lines": [], "excluded_lines": []}, "ConstraintResolver.resolve": {"executed_lines": [169, 172, 175, 176, 177, 178, 181, 186, 189, 194, 196, 204, 205, 206, 207, 208, 210, 211, 217], "summary": {"covered_lines": 19, "num_statements": 19, "percent_covered": 100.0, "percent_covered_display": "100.00", "missing_lines": 0, "excluded_lines": 0, "percent_statements_covered": 100.0, "percent_statements_covered_display": "100.00"}, "missing_lines": [], "excluded_lines": []}, "ConstraintResolver._apply_constraint": {"executed_lines": [221, 224, 225, 226, 229, 230, 233, 234, 235, 236, 237, 239, 240, 241, 242, 245, 246, 247, 248, 249, 251, 252, 253, 254], "summary": {"covered_lines": 24, "num_statements": 26, "percent_covered": 92.3076923076923, "percent_covered_display": "92.31", "missing_lines": 2, "excluded_lines": 0, "percent_statements_covered": 92.3076923076923, "percent_statements_covered_display": "92.31"}, "missing_lines": [238, 250], "excluded_lines": []}, "ConstraintResolver._get_target_bounds": {"executed_lines": [258, 259, 269, 270, 272, 273], "summary": {"covered_lines": 6, "num_statements": 6, "percent_covered": 100.0, "percent_covered_display": "100.00", "missing_lines": 0, "excluded_lines": 0, "percent_statements_covered": 100.0, "percent_statements_covered_display": "100.00"}, "missing_lines": [], "excluded_lines": []}, "ConstraintResolver._calculate_center_x": {"executed_lines": [285, 286], "summary": {"covered_lines": 2, "num_statements": 4, "percent_covered": 50.0, "percent_covered_display": "50.00", "missing_lines": 2, "excluded_lines": 0, "percent_statements_covered": 50.0, "percent_statements_covered_display": "50.00"}, "missing_lines": [288, 289], "excluded_lines": []}, "ConstraintResolver._calculate_center_y": {"executed_lines": [293, 294], "summary": {"covered_lines": 2, "num_statements": 4, "percent_covered": 50.0, "percent_covered_display": "50.00", "missing_lines": 2, "excluded_lines": 0, "percent_statements_covered": 50.0, "percent_statements_covered_display": "50.00"}, "missing_lines": [296, 297], "excluded_lines": []}, "ConstraintHelper.create_centered_constraints": {"executed_lines": [306], "summary": {"covered_lines": 1, "num_statements": 1, "percent_covered": 100.0, "percent_covered_display": "100.00", "missing_lines": 0, "excluded_lines": 0, "percent_statements_covered": 100.0, "percent_statements_covered_display": "100.00"}, "missing_lines": [], "excluded_lines": []}, "ConstraintHelper.create_match_parent_constraints": {"executed_lines": [322], "summary": {"covered_lines": 1, "num_statements": 1, "percent_covered": 100.0, "percent_covered_display": "100.00", "missing_lines": 0, "excluded_lines": 0, "percent_statements_covered": 100.0, "percent_statements_covered_display": "100.00"}, "missing_lines": [], "excluded_lines": []}, "ConstraintHelper.create_chain_constraints": {"executed_lines": [352, 354, 355, 357, 358, 364, 371, 372, 373, 381, 389], "summary": {"covered_lines": 11, "num_statements": 11, "percent_covered": 100.0, "percent_covered_display": "100.00", "missing_lines": 0, "excluded_lines": 0, "percent_statements_covered": 100.0, "percent_statements_covered_display": "100.00"}, "missing_lines": [], "excluded_lines": []}, "": {"executed_lines": [1, 5, 6, 7, 8, 9, 12, 15, 18, 19, 20, 21, 22, 23, 24, 25, 26, 27, 28, 29, 30, 31, 32, 33, 36, 37, 38, 39, 42, 43, 44, 45, 46, 47, 48, 49, 51, 61, 62, 73, 74, 76, 79, 89, 97, 104, 108, 112, 116, 123, 127, 128, 134, 144, 145, 154, 155, 157, 162, 219, 256, 283, 291, 300, 301, 303, 304, 319, 320, 349, 350], "summary": {"covered_lines": 64, "num_statements": 65, "percent_covered": 98.46153846153847, "percent_covered_display": "98.46", "missing_lines": 1, "excluded_lines": 0, "percent_statements_covered": 98.46153846153847, "percent_statements_covered_display": "98.46"}, "missing_lines": [13], "excluded_lines": []}}, "classes": {"ConstraintType": {"executed_lines": [], "summary": {"covered_lines": 0, "num_statements": 0, "percent_covered": 100.0, "percent_covered_display": "100.00", "missing_lines": 0, "excluded_lines": 0, "percent_statements_covered": 100.0, "percent_statements_covered_display": "100.00"}, "missing_lines": [], "excluded_lines": []}, "ConstraintTarget": {"executed_lines": [], "summary": {"covered_lines": 0, "num_statements": 0, "percent_covered": 100.0, "percent_covered_display": "100.00", "missing_lines": 0, "excluded_lines": 0, "percent_statements_covered": 100.0, "percent_statements_covered_display": "100.00"}, "missing_lines": [], "excluded_lines": []}, "Constraint": {"executed_lines": [53, 64], "summary": {"covered_lines": 2, "num_statements": 2, "percent_covered": 100.0, "percent_covered_display": "100.00", "missing_lines": 0, "excluded_lines": 0, "percent_statements_covered": 100.0, "percent_statements_covered_display": "100.00"}, "missing_lines": [], "excluded_lines": []}, "ConstraintSet": {"executed_lines": [77, 82, 87, 91, 99, 106, 110, 114, 136, 137, 138, 139, 140, 141, 142, 147, 148, 149, 150, 151], "summary": {"covered_lines": 20, "num_statements": 25, "percent_covered": 80.0, "percent_covered_display": "80.00", "missing_lines": 5, "excluded_lines": 0, "percent_statements_covered": 80.0, "percent_statements_covered_display": "80.00"}, "missing_lines": [118, 125, 130, 131, 132], "excluded_lines": []}, "ConstraintResolver": {"executed_lines": [158, 159, 160, 169, 172, 175, 176, 177, 178, 181, 186, 189, 194, 196, 204, 205, 206, 207, 208, 210, 211, 217, 221, 224, 225, 226, 229, 230, 233, 234, 235, 236, 237, 239, 240, 241, 242, 245, 246, 247, 248, 249, 251, 252, 253, 254, 258, 259, 269, 270, 272, 273, 285, 286, 293, 294], "summary": {"covered_lines": 56, "num_statements": 62, "percent_covered": 90.3225806451613, "percent_covered_display": "90.32", "missing_lines": 6, "excluded_lines": 0, "percent_statements_covered": 90.3225806451613, "percent_statements_covered_display": "90.32"}, "missing_lines": [238, 250, 288, 289, 296, 297], "excluded_lines": []}, "ConstraintHelper": {"executed_lines": [306, 322, 352, 354, 355, 357, 358, 364, 371, 372, 373, 381, 389], "summary": {"covered_lines": 13, "num_statements": 13, "percent_covered": 100.0, "percent_covered_display": "100.00", "missing_lines": 0, "excluded_lines": 0, "percent_statements_covered": 100.0, "percent_statements_covered_display": "100.00"}, "missing_lines": [], "excluded_lines": []}, "": {"executed_lines": [1, 5, 6, 7, 8, 9, 12, 15, 18, 19, 20, 21, 22, 23, 24, 25, 26, 27, 28, 29, 30, 31, 32, 33, 36, 37, 38, 39, 42, 43, 44, 45, 46, 47, 48, 49, 51, 61, 62, 73, 74, 76, 79, 89, 97, 104, 108, 112, 116, 123, 127, 128, 134, 144, 145, 154, 155, 157, 162, 219, 256, 283, 291, 300, 301, 303, 304, 319, 320, 349, 350], "summary": {"covered_lines": 64, "num_statements": 65, "percent_covered": 98.46153846153847, "percent_covered_display": "98.46", "missing_lines": 1, "excluded_lines": 0, "percent_statements_covered": 98.46153846153847, "percent_statements_covered_display": "98.46"}, "missing_lines": [13], "excluded_lines": []}}}, "ui\\design_surface.py": {"executed_lines": [1, 6, 7, 8, 14, 15, 16, 19, 22, 23, 25, 28, 29, 34, 35, 36, 37, 38, 39, 40, 41, 42, 43, 46, 47, 50, 53, 55, 56, 57, 59, 61, 62, 63, 65,
[...]
: 29, "num_statements": 33, "percent_covered": 87.87878787878788, "percent_covered_display": "87.88", "missing_lines": 4, "excluded_lines": 0, "percent_statements_covered": 87.87878787878788, "percent_statements_covered_display": "87.88"}, "missing_lines": [44, 46, 60, 62], "excluded_lines": [], "functions": {"configure_logging": {"executed_lines": [22, 23, 26, 29, 30, 31, 34, 37, 39, 40, 41, 42, 43, 48, 49, 55, 56, 59, 64, 65], "summary": {"covered_lines": 20, "num_statements": 24, "percent_covered": 83.33333333333333, "percent_covered_display": "83.33", "missing_lines": 4, "excluded_lines": 0, "percent_statements_covered": 83.33333333333333, "percent_statements_covered_display": "83.33"}, "missing_lines": [44, 46, 60, 62], "excluded_lines": []}, "get_logger": {"executed_lines": [82, 83, 84], "summary": {"covered_lines": 3, "num_statements": 3, "percent_covered": 100.0, "percent_covered_display": "100.00", "missing_lines": 0, "excluded_lines": 0, "percent_statements_covered": 100.0, "percent_statements_covered_display": "100.00"}, "missing_lines": [], "excluded_lines": []}, "": {"executed_lines": [1, 5, 6, 7, 10, 68, 88], "summary": {"covered_lines": 6, "num_statements": 6, "percent_covered": 100.0, "percent_covered_display": "100.00", "missing_lines": 0, "excluded_lines": 0, "percent_statements_covered": 100.0, "percent_statements_covered_display": "100.00"}, "missing_lines": [], "excluded_lines": []}}, "classes": {"": {"executed_lines": [1, 5, 6, 7, 10, 22, 23, 26, 29, 30, 31, 34, 37, 39, 40, 41, 42, 43, 48, 49, 55, 56, 59, 64, 65, 68, 82, 83, 84, 88], "summary": {"covered_lines": 29, "num_statements": 33, "percent_covered": 87.87878787878788, "percent_covered_display": "87.88", "missing_lines": 4, "excluded_lines": 0, "percent_statements_covered": 87.87878787878788, "percent_statements_covered_display": "87.88"}, "missing_lines": [44, 46, 60, 62], "excluded_lines": []}}}, "utils\\note_utils.py": {"executed_lines": [1, 5, 6, 8, 11, 12, 14, 15, 59, 60, 85, 86, 106, 107, 128, 129, 149, 150], "summary": {"covered_lines": 16, "num_statements": 54, "percent_covered": 29.62962962962963, "percent_covered_display": "29.63", "missing_lines": 38, "excluded_lines": 0, "percent_statements_covered": 29.62962962962963, "percent_statements_covered_display": "29.63"}, "missing_lines": [37, 38, 40, 42, 43, 44, 46, 48, 50, 51, 52, 53, 54, 57, 75, 101, 102, 104, 122, 123, 125, 126, 143, 144, 146, 147, 167, 168, 170, 172, 174, 175, 176, 177, 180, 181, 182, 184], "excluded_lines": [], "functions": {"NoteUtils.get_sample_note": {"executed_lines": [], "summary": {"covered_lines": 0, "num_statements": 14, "percent_covered": 0.0, "percent_covered_display": "0.00", "missing_lines": 14, "excluded_lines": 0, "percent_statements_covered": 0.0, "percent_statements_covered_display": "0.00"}, "missing_lines": [37, 38, 40, 42, 43, 44, 46, 48, 50, 51, 52, 53, 54, 57], "excluded_lines": []}, "NoteUtils.get_default_field_data": {"executed_lines": [], "summary": {"covered_lines": 0, "num_statements": 1, "percent_covered": 0.0, "percent_covered_display": "0.00", "missing_lines": 1, "excluded_lines": 0, "percent_statements_covered": 0.0, "percent_statements_covered_display": "0.00"}, "missing_lines": [75], "excluded_lines": []}, "NoteUtils.get_templates": {"executed_lines": [], "summary": {"covered_lines": 0, "num_statements": 3, "percent_covered": 0.0, "percent_covered_display": "0.00", "missing_lines": 3, "excluded_lines": 0, "percent_statements_covered": 0.0, "percent_statements_covered_display": "0.00"}, "missing_lines": [101, 102, 104], "excluded_lines": []}, "NoteUtils.get_field_names": {"executed_lines": [], "summary": {"covered_lines": 0, "num_statements": 4, "percent_covered": 0.0, "percent_covered_display": "0.00", "missing_lines": 4, "excluded_lines": 0, "percent_statements_covered": 0.0, "percent_statements_covered_display": "0.00"}, "missing_lines": [122, 123, 125, 126], "excluded_lines": []}, "NoteUtils.validate_note_type": {"executed_lines": [], "summary": {"covered_lines": 0, "num_statements": 4, "percent_covered": 0.0, "percent_covered_display": "0.00", "missing_lines": 4, "excluded_lines": 0, "percent_statements_covered": 0.0, "percent_statements_covered_display": "0.00"}, "missing_lines": [143, 144, 146, 147], "excluded_lines": []}, "NoteUtils.get_note_field_data": {"executed_lines": [], "summary": {"covered_lines": 0, "num_statements": 12, "percent_covered": 0.0, "percent_covered_display": "0.00", "missing_lines": 12, "excluded_lines": 0, "percent_statements_covered": 0.0, "percent_statements_covered_display": "0.00"}, "missing_lines": [167, 168, 170, 172, 174, 175, 176, 177, 180, 181, 182, 184], "excluded_lines": []}, "": {"executed_lines": [1, 5, 6, 8, 11, 12, 14, 15, 59, 60, 85, 86, 106, 107, 128, 129, 149, 150], "summary": {"covered_lines": 16, "num_statements": 16, "percent_covered": 100.0, "percent_covered_display": "100.00", "missing_lines": 0, "excluded_lines": 0, "percent_statements_covered": 100.0, "percent_statements_covered_display": "100.00"}, "missing_lines": [], "excluded_lines": []}}, "classes": {"NoteUtils": {"executed_lines": [], "summary": {"covered_lines": 0, "num_statements": 38, "percent_covered": 0.0, "percent_covered_display": "0.00", "missing_lines": 38, "excluded_lines": 0, "percent_statements_covered": 0.0, "percent_statements_covered_display": "0.00"}, "missing_lines": [37, 38, 40, 42, 43, 44, 46, 48, 50, 51, 52, 53, 54, 57, 75, 101, 102, 104, 122, 123, 125, 126, 143, 144, 146, 147, 167, 168, 170, 172, 174, 175, 176, 177, 180, 181, 182, 184], "excluded_lines": []}, "": {"executed_lines": [1, 5, 6, 8, 11, 12, 14, 15, 59, 60, 85, 86, 106, 107, 128, 129, 149, 150], "summary": {"covered_lines": 16, "num_statements": 16, "percent_covered": 100.0, "percent_covered_display": "100.00", "missing_lines": 0, "excluded_lines": 0, "percent_statements_covered": 100.0, "percent_statements_covered_display": "100.00"}, "missing_lines": [], "excluded_lines": []}}}, "utils\\security.py": {"executed_lines": [1, 6, 7, 8, 9, 16, 20, 23, 24, 25, 26, 27, 30, 36, 43, 49, 50, 51, 52, 55, 56, 57, 63, 64, 65, 72, 73, 74, 77, 78, 80, 81, 95, 96, 99, 100, 101, 102, 110, 111, 112, 113, 115, 117, 118, 134, 135, 138, 139, 140, 141, 149, 150, 151, 154, 155, 156, 157, 160, 161, 163, 164, 166, 167, 183, 184, 187, 188, 189, 190, 198, 199, 202, 204, 205, 207, 208, 218, 220, 222, 223, 270, 271, 281, 284, 285, 286, 287, 288, 289, 292, 293, 294, 300, 305, 310, 311, 312, 314, 318, 319, 320], "summary": {"covered_lines": 100, "num_statements": 123, "percent_covered": 81.30081300813008, "percent_covered_display": "81.30", "missing_lines": 23, "excluded_lines": 0, "percent_statements_covered": 81.30081300813008, "percent_statements_covered_display": "81.30"}, "missing_lines": [219, 238, 239, 240, 241, 248, 249, 250, 251, 258, 259, 260, 261, 268, 295, 296, 297, 301, 302, 303, 306, 307, 308], "excluded_lines": [], "functions": {"SecurityValidator.validate_field_name": {"executed_lines": [95, 96, 99, 100, 101, 102, 110, 111, 112, 113, 115], "summary": {"covered_lines": 11, "num_statements": 11, "percent_covered": 100.0, "percent_covered_display": "100.00", "missing_lines": 0, "excluded_lines": 0, "percent_statements_covered": 100.0, "percent_statements_covered_display": "100.00"}, "missing_lines": [], "excluded_lines": []}, "SecurityValidator.sanitize_html": {"executed_lines": [134, 135, 138, 139, 140, 141, 149, 150, 151, 154, 155, 156, 157, 160, 161, 163, 164], "summary": {"covered_lines": 17, "num_statements": 17, "percent_covered": 100.0, "percent_covered_display": "100.00", "missing_lines": 0, "excluded_lines": 0, "percent_statements_covered": 100.0, "percent_statements_covered_display": "100.00"}, "missing_lines": [], "excluded_lines": []}, "SecurityValidator.sanitize_css": {"executed_lines": [183, 184, 187, 188, 189, 190, 198, 199, 202, 204, 205], "summary": {"covered_lines": 11, "num_statements": 11, "percent_covered": 100.0, "percent_covered_display": "100.00", "missing_lines": 0, "excluded_lines": 0, "percent_statements_covered": 100.0, "percent_statements_covered_display": "100.00"}, "missing_lines": [], "excluded_lines": []}, "SecurityValidator.escape_html": {"executed_lines": [218, 220], "summary": {"covered_lines": 2, "num_statements": 3, "percent_covered": 66.66666666666667, "percent_covered_display": "66.67", "missing_lines": 1, "excluded_lines": 0, "percent_statements_covered": 66.66666666666667, "percent_statements_covered_display": "66.67"}, "missing_lines": [219], "excluded_lines": []}, "SecurityValidator.check_size_limits": {"executed_lines": [], "summary": {"covered_lines": 0, "num_statements": 13, "percent_covered": 0.0, "percent_covered_display": "0.00", "missing_lines": 13, "excluded_lines": 0, "percent_statements_covered": 0.0, "percent_statements_covered_display": "0.00"}, "missing_lines": [238, 239, 240, 241, 248, 249, 250, 251, 258, 259, 260, 261, 268], "excluded_lines": []}, "SecurityValidator.validate_template_security": {"executed_lines": [281, 284, 285, 286, 287, 288, 289, 292, 293, 294, 300, 305, 310, 311, 312, 314], "summary": {"covered_lines": 16, "num_statements": 25, "percent_covered": 64.0, "percent_covered_display": "64.00", "missing_lines": 9, "excluded_lines": 0, "percent_statements_covered": 64.0, "percent_statements_covered_display": "64.00"}, "missing_lines": [295, 296, 297, 301, 302, 303, 306, 307, 308], "excluded_lines": []}, "": {"executed_lines": [1, 6, 7, 8, 9, 16, 20, 23, 24, 25, 26, 27, 30, 36, 43, 49, 50, 51, 52, 55, 56, 57, 63, 64, 65, 72, 73, 74, 77, 78, 80, 81, 117, 118, 166, 167, 207, 208, 222, 223, 270, 271, 318, 319, 320], "summary": {"covered_lines": 43, "num_statements": 43, "percent_covered": 100.0, "percent_covered_display": "100.00", "missing_lines": 0, "excluded_lines": 0, "percent_statements_covered": 100.0, "percent_statements_covered_display": "100.00"}, "missing_lines": [], "excluded_lines": []}}, "classes": {"SecurityValidator": {"executed_lines": [95, 96, 99, 100, 101, 102, 110, 111, 112, 113, 115, 134, 135, 138, 139, 140, 141, 149, 150, 151, 154, 155, 156, 157, 160, 161, 163, 164, 183, 184, 187, 188, 189, 190, 198, 199, 202, 204, 205, 218, 220, 281, 284, 285, 286, 287, 288, 289, 292, 293, 294, 300, 305, 310, 311, 312, 314], "summary": {"covered_lines": 57, "num_statements": 80, "percent_covered": 71.25, "percent_covered_display": "71.25", "missing_lines": 23, "excluded_lines": 0, "percent_statements_covered": 71.25, "percent_statements_covered_display": "71.25"}, "missing_lines": [219, 238, 239, 240, 241, 248, 249, 250, 251, 258, 259, 260, 261, 268, 295, 296, 297, 301, 302, 303, 306, 307, 308], "excluded_lines": []}, "": {"executed_lines": [1, 6, 7, 8, 9, 16, 20, 23, 24, 25, 26, 27, 30, 36, 43, 49, 50, 51, 52, 55, 56, 57, 63, 64, 65, 72, 73, 74, 77, 78, 80, 81, 117, 118, 166, 167, 207, 208, 222, 223, 270, 271, 318, 319, 320], "summary": {"covered_lines": 43, "num_statements": 43, "percent_covered": 100.0, "percent_covered_display": "100.00", "missing_lines": 0, "excluded_lines": 0, "percent_statements_covered": 100.0, "percent_statements_covered_display": "100.00"}, "missing_lines": [], "excluded_lines": []}}}, "utils\\style_utils.py": {"executed_lines": [1, 5, 6, 9, 12, 22, 23, 25, 26, 57, 58, 77, 78, 119, 120, 154, 155, 183, 184, 212, 213], "summary": {"covered_lines": 19, "num_statements": 84, "percent_covered": 22.61904761904762, "percent_covered_display": "22.62", "missing_lines": 65, "excluded_lines": 0, "percent_statements_covered": 22.61904761904762, "percent_statements_covered_display": "22.62"}, "missing_lines": [36, 39, 40, 41, 42, 43, 46, 47, 48, 49, 50, 51, 52, 54, 55, 69, 72, 73, 75, 88, 91, 92, 93, 94, 97, 98, 100, 101, 104, 105, 106, 107, 108, 111, 114, 116, 117, 130, 133, 134, 137, 138, 141, 142, 145, 150, 152, 167, 176, 177, 178, 179, 181, 195, 206, 207, 208, 210, 223, 225, 226, 228, 230, 231, 233], "excluded_lines": [], "functions": {"StyleUtils.validate_css_security": {"executed_lines": [], "summary": {"covered_lines": 0, "num_statements": 15, "percent_covered": 0.0, "percent_covered_display": "0.00", "missing_lines": 15, "excluded_lines": 0, "percent_statements_covered": 0.0, "percent_statements_covered_display": "0.00"}, "missing_lines": [36, 39, 40, 41, 42, 43, 46, 47, 48, 49, 50, 51, 52, 54, 55], "excluded_lines": []}, "StyleUtils.minify_css": {"executed_lines": [], "summary": {"covered_lines": 0, "num_statements": 4, "percent_covered": 0.0, "percent_covered_display": "0.00", "missing_lines": 4, "excluded_lines": 0, "percent_statements_covered": 0.0, "percent_statements_covered_display": "0.00"}, "missing_lines": [69, 72, 73, 75], "excluded_lines": []}, "StyleUtils.validate_css": {"executed_lines": [], "summary": {"covered_lines": 0, "num_statements": 18, "percent_covered": 0.0, "percent_covered_display": "0.00", "missing_lines": 18, "excluded_lines": 0, "percent_statements_covered": 0.0, "percent_statements_covered_display": "0.00"}, "missing_lines": [88, 91, 92, 93, 94, 97, 98, 100, 101, 104, 105, 106, 107, 108, 111, 114, 116, 117], "excluded_lines": []}, "StyleUtils.extract_colors": {"executed_lines": [], "summary": {"covered_lines": 0, "num_statements": 10, "percent_covered": 0.0, "percent_covered_display": "0.00", "missing_lines": 10, "excluded_lines": 0, "percent_statements_covered": 0.0, "percent_statements_covered_display": "0.00"}, "missing_lines": [130, 133, 134, 137, 138, 141, 142, 145, 150, 152], "excluded_lines": []}, "StyleUtils.add_prefix": {"executed_lines": [], "summary": {"covered_lines": 0, "num_statements": 6, "percent_covered": 0.0, "percent_covered_display": "0.00", "missing_lines": 6, "excluded_lines": 0, "percent_statements_covered": 0.0, "percent_statements_covered_display": "0.00"}, "missing_lines": [167, 176, 177, 178, 179, 181], "excluded_lines": []}, "StyleUtils.convert_to_dark_mode": {"executed_lines": [], "summary": {"covered_lines": 0, "num_statements": 5, "percent_covered": 0.0, "percent_covered_display": "0.00", "missing_lines": 5, "excluded_lines": 0, "percent_statements_covered": 0.0, "percent_statements_covered_display": "0.00"}, "missing_lines": [195, 206, 207, 208, 210], "excluded_lines": []}, "StyleUtils.extract_font_families": {"executed_lines": [], "summary": {"covered_lines": 0, "num_statements": 7, "percent_covered": 0.0, "percent_covered_display": "0.00", "missing_lines": 7, "excluded_lines": 0, "percent_statements_covered": 0.0, "percent_statements_covered_display": "0.00"}, "missing_lines": [223, 225, 226, 228, 230, 231, 233], "excluded_lines": []}, "": {"executed_lines": [1, 5, 6, 9, 12, 22, 23, 25, 26, 57, 58, 77, 78, 119, 120, 154, 155, 183, 184, 212, 213], "summary": {"covered_lines": 19, "num_statements": 19, "percent_covered": 100.0, "percent_covered_display": "100.00", "missing_lines": 0, "excluded_lines": 0, "percent_statements_covered": 100.0, "percent_statements_covered_display": "100.00"}, "missing_lines": [], "excluded_lines": []}}, "classes": {"StyleUtils": {"executed_lines": [], "summary": {"covered_lines": 0, "num_statements": 65, "percent_covered": 0.0, "percent_covered_display": "0.00", "missing_lines": 65, "excluded_lines": 0, "percent_statements_covered": 0.0, "percent_statements_covered_display": "0.00"}, "missing_lines": [36, 39, 40, 41, 42, 43, 46, 47, 48, 49, 50, 51, 52, 54, 55, 69, 72, 73, 75, 88, 91, 92, 93, 94, 97, 98, 100, 101, 104, 105, 106, 107, 108, 111, 114, 116, 117, 130, 133, 134, 137, 138, 141, 142, 145, 150, 152, 167, 176, 177, 178, 179, 181, 195, 206, 207, 208, 210, 223, 225, 226, 228, 230, 231, 233], "excluded_lines": []}, "": {"executed_lines": [1, 5, 6, 9, 12, 22, 23, 25, 26, 57, 58, 77, 78, 119, 120, 154, 155, 183, 184, 212, 213], "summary": {"covered_lines": 19, "num_statements": 19, "percent_covered": 100.0, "percent_covered_display": "100.00", "missing_lines": 0, "excluded_lines": 0, "percent_statements_covered": 100.0, "percent_statements_covered_display": "100.00"}, "missing_lines": [], "excluded_lines": []}}}, "utils\\template_utils.py": {"executed_lines": [1, 5, 6, 7, 10, 13, 14, 16, 17, 33, 34, 65, 66, 114, 115, 143, 144], "summary": {"covered_lines": 15, "num_statements": 56, "percent_covered": 26.785714285714285, "percent_covered_display": "26.79", "missing_lines": 41, "excluded_lines": 0, "percent_statements_covered": 26.785714285714285, "percent_statements_covered_display": "26.79"}, "missing_lines": [31, 44, 47, 48, 50, 52, 55, 57, 60, 61, 63, 76, 79, 80, 81, 82, 85, 88, 89, 91, 92, 95, 96, 98, 99, 100, 102, 104, 105, 108, 109, 111, 112, 125, 126, 128, 129, 131, 155, 158, 160], "excluded_lines": [], "functions": {"TemplateUtils.validate_security": {"executed_lines": [], "summary": {"covered_lines": 0, "num_statements": 1, "percent_covered": 0.0, "percent_covered_display": "0.00", "missing_lines": 1, "excluded_lines": 0, "percent_statements_covered": 0.0, "percent_statements_covered_display": "0.00"}, "missing_lines": [31], "excluded_lines": []}, "TemplateUtils.extract_fields": {"executed_lines": [], "summary": {"covered_lines": 0, "num_statements": 10, "percent_covered": 0.0, "percent_covered_display": "0.00", "missing_lines": 10, "excluded_lines": 0, "percent_statements_covered": 0.0, "percent_statements_covered_display": "0.00"}, "missing_lines": [44, 47, 48, 50, 52, 55, 57, 60, 61, 63], "excluded_lines": []}, "TemplateUtils.validate_template": {"executed_lines": [], "summary": {"covered_lines": 0, "num_statements": 22, "percent_covered": 0.0, "percent_covered_display": "0.00", "missing_lines": 22, "excluded_lines": 0, "percent_statements_covered": 0.0, "percent_statements_covered_display": "0.00"}, "missing_lines": [76, 79, 80, 81, 82, 85, 88, 89, 91, 92, 95, 96, 98, 99, 100, 102, 104, 105, 108, 109, 111, 112], "excluded_lines": []}, "TemplateUtils.get_template_info": {"executed_lines": [], "summary": {"covered_lines": 0, "num_statements": 5, "percent_covered": 0.0, "percent_covered_display": "0.00", "missing_lines": 5, "excluded_lines": 0, "percent_statements_covered": 0.0, "percent_statements_covered_display": "0.00"}, "missing_lines": [125, 126, 128, 129, 131], "excluded_lines": []}, "TemplateUtils.optimize_template": {"executed_lines": [], "summary": {"covered_lines": 0, "num_statements": 3, "percent_covered": 0.0, "percent_covered_display": "0.00", "missing_lines": 3, "excluded_lines": 0, "percent_statements_covered": 0.0, "percent_statements_covered_display": "0.00"}, "missing_lines": [155, 158, 160], "excluded_lines": []}, "": {"executed_lines": [1, 5, 6, 7, 10, 13, 14, 16, 17, 33, 34, 65, 66, 114, 115, 143, 144], "summary": {"covered_lines": 15, "num_statements": 15, "percent_covered": 100.0, "percent_covered_display": "100.00", "missing_lines": 0, "excluded_lines": 0, "percent_statements_covered": 100.0, "percent_statements_covered_display": "100.00"}, "missing_lines": [], "excluded_lines": []}}, "classes": {"TemplateUtils": {"executed_lines": [], "summary": {"covered_lines": 0, "num_statements": 41, "percent_covered": 0.0, "percent_covered_display": "0.00", "missing_lines": 41, "excluded_lines": 0, "percent_statements_covered": 0.0, "percent_statements_covered_display": "0.00"}, "missing_lines": [31, 44, 47, 48, 50, 52, 55, 57, 60, 61, 63, 76, 79, 80, 81, 82, 85, 88, 89, 91, 92, 95, 96, 98, 99, 100, 102, 104, 105, 108, 109, 111, 112, 125, 126, 128, 129, 131, 155, 158, 160], "excluded_lines": []}, "": {"executed_lines": [1, 5, 6, 7, 10, 13, 14, 16, 17, 33, 34, 65, 66, 114, 115, 143, 144], "summary": {"covered_lines": 15, "num_statements": 15, "percent_covered": 100.0, "percent_covered_display": "100.00", "missing_lines": 0, "excluded_lines": 0, "percent_statements_covered": 100.0, "percent_statements_covered_display": "100.00"}, "missing_lines": [], "excluded_lines": []}}}}, "totals": {"covered_lines": 1092, "num_statements": 2784, "percent_covered": 39.224137931034484, "percent_covered_display": "39.22", "missing_lines": 1692, "excluded_lines": 63, "percent_statements_covered": 39.224137931034484, "percent_statements_covered_display": "39.22"}}